0 verbose cli C:\Program Files\nodejs\node.exe C:\Users\Dell M4700\AppData\Roaming\npm\node_modules\npm\bin\npm-cli.js
1 info using npm@8.7.0
2 info using node@v16.13.1
3 timing npm:load:whichnode Completed in 1ms
4 timing config:load:defaults Completed in 3ms
5 timing config:load:file:C:\Users\Dell M4700\AppData\Roaming\npm\node_modules\npm\npmrc Completed in 4ms
6 timing config:load:builtin Completed in 6ms
7 timing config:load:cli Completed in 3ms
8 timing config:load:env Completed in 1ms
9 timing config:load:file:D:\Geani\React\Pizza\.npmrc Completed in 0ms
10 timing config:load:project Completed in 3ms
11 timing config:load:file:C:\Users\Dell M4700\.npmrc Completed in 1ms
12 timing config:load:user Completed in 2ms
13 timing config:load:file:C:\Users\Dell M4700\AppData\Roaming\npm\etc\npmrc Completed in 1ms
14 timing config:load:global Completed in 1ms
15 timing config:load:validate Completed in 1ms
16 timing config:load:credentials Completed in 1ms
17 timing config:load:setEnvs Completed in 2ms
18 timing config:load Completed in 24ms
19 timing npm:load:configload Completed in 25ms
20 timing npm:load:mkdirpcache Completed in 1ms
21 timing npm:load:mkdirplogs Completed in 1ms
22 verbose title npm install react-toastify
23 verbose argv "install" "--save" "react-toastify"
24 timing npm:load:setTitle Completed in 2ms
25 timing config:load:flatten Completed in 6ms
26 timing npm:load:display Completed in 9ms
27 verbose logfile logs-max:10 dir:D:\Geani\React\Pizza\_logs
28 verbose logfile D:\Geani\React\Pizza\_logs\2022-05-12T13_00_56_743Z-debug-0.log
29 timing npm:load:logFile Completed in 19ms
30 timing npm:load:timers Completed in 1ms
31 timing npm:load:configScope Completed in 0ms
32 timing npm:load Completed in 61ms
33 timing arborist:ctor Completed in 2ms
34 silly logfile start cleaning logs, removing 1 files
35 silly logfile done cleaning log files
36 timing idealTree:init Completed in 2816ms
37 timing idealTree:userRequests Completed in 19ms
38 silly idealTree buildDeps
39 silly fetch manifest react-toastify@*
40 http fetch GET 200 https://registry.npmjs.org/react-toastify 1796ms (cache miss)
41 silly fetch manifest react@^17.0.2
42 timing arborist:ctor Completed in 10ms
43 http fetch GET 200 https://registry.npmjs.org/react 1966ms (cache updated)
44 silly fetch manifest react-dom@^17.0.2
45 http fetch GET 200 https://registry.npmjs.org/react-dom 226ms (cache updated)
46 silly placeDep ROOT react-toastify@9.0.1 OK for: test@0.1.0 want: *
47 silly fetch manifest clsx@^1.1.1
48 http fetch GET 200 https://registry.npmjs.org/clsx 71ms (cache miss)
49 timing idealTree:#root Completed in 4151ms
50 silly placeDep ROOT clsx@1.1.1 OK for: react-toastify@9.0.1 want: ^1.1.1
51 timing idealTree:node_modules/react-toastify Completed in 6ms
52 timing idealTree:node_modules/clsx Completed in 0ms
53 timing idealTree:buildDeps Completed in 4161ms
54 timing idealTree:fixDepFlags Completed in 78ms
55 timing idealTree Completed in 7124ms
56 timing reify:loadTrees Completed in 7126ms
57 timing reify:diffTrees Completed in 157ms
58 silly reify moves {}
59 timing reify:retireShallow Completed in 2ms
60 timing reify:createSparse Completed in 6ms
61 timing reify:loadBundles Completed in 0ms
62 silly audit bulk request {
62 silly audit   '@ampproject/remapping': [ '2.0.2' ],
62 silly audit   '@babel/code-frame': [ '7.16.7' ],
62 silly audit   '@babel/compat-data': [ '7.17.0' ],
62 silly audit   '@babel/core': [ '7.17.0' ],
62 silly audit   semver: [ '6.3.0', '7.0.0', '7.3.5' ],
62 silly audit   '@babel/eslint-parser': [ '7.17.0' ],
62 silly audit   'eslint-scope': [ '5.1.1', '7.1.0' ],
62 silly audit   'eslint-visitor-keys': [ '2.1.0', '3.2.0' ],
62 silly audit   estraverse: [ '4.3.0', '5.3.0' ],
62 silly audit   '@babel/generator': [ '7.17.0' ],
62 silly audit   '@babel/helper-annotate-as-pure': [ '7.16.7' ],
62 silly audit   '@babel/helper-builder-binary-assignment-operator-visitor': [ '7.16.7' ],
62 silly audit   '@babel/helper-compilation-targets': [ '7.16.7' ],
62 silly audit   '@babel/helper-create-class-features-plugin': [ '7.17.1' ],
62 silly audit   '@babel/helper-create-regexp-features-plugin': [ '7.17.0' ],
62 silly audit   '@babel/helper-define-polyfill-provider': [ '0.3.1' ],
62 silly audit   '@babel/helper-environment-visitor': [ '7.16.7' ],
62 silly audit   '@babel/helper-explode-assignable-expression': [ '7.16.7' ],
62 silly audit   '@babel/helper-function-name': [ '7.16.7' ],
62 silly audit   '@babel/helper-get-function-arity': [ '7.16.7' ],
62 silly audit   '@babel/helper-hoist-variables': [ '7.16.7' ],
62 silly audit   '@babel/helper-member-expression-to-functions': [ '7.16.7' ],
62 silly audit   '@babel/helper-module-imports': [ '7.16.7' ],
62 silly audit   '@babel/helper-module-transforms': [ '7.16.7' ],
62 silly audit   '@babel/helper-optimise-call-expression': [ '7.16.7' ],
62 silly audit   '@babel/helper-plugin-utils': [ '7.16.7' ],
62 silly audit   '@babel/helper-remap-async-to-generator': [ '7.16.8' ],
62 silly audit   '@babel/helper-replace-supers': [ '7.16.7' ],
62 silly audit   '@babel/helper-simple-access': [ '7.16.7' ],
62 silly audit   '@babel/helper-skip-transparent-expression-wrappers': [ '7.16.0' ],
62 silly audit   '@babel/helper-split-export-declaration': [ '7.16.7' ],
62 silly audit   '@babel/helper-validator-identifier': [ '7.16.7' ],
62 silly audit   '@babel/helper-validator-option': [ '7.16.7' ],
62 silly audit   '@babel/helper-wrap-function': [ '7.16.8' ],
62 silly audit   '@babel/helpers': [ '7.17.0' ],
62 silly audit   '@babel/highlight': [ '7.16.10' ],
62 silly audit   '@babel/parser': [ '7.17.0' ],
62 silly audit   '@babel/plugin-bugfix-safari-id-destructuring-collision-in-function-expression': [ '7.16.7' ],
62 silly audit   '@babel/plugin-bugfix-v8-spread-parameters-in-optional-chaining': [ '7.16.7' ],
62 silly audit   '@babel/plugin-proposal-async-generator-functions': [ '7.16.8' ],
62 silly audit   '@babel/plugin-proposal-class-properties': [ '7.16.7' ],
62 silly audit   '@babel/plugin-proposal-class-static-block': [ '7.16.7' ],
62 silly audit   '@babel/plugin-proposal-decorators': [ '7.17.0' ],
62 silly audit   '@babel/plugin-proposal-dynamic-import': [ '7.16.7' ],
62 silly audit   '@babel/plugin-proposal-export-namespace-from': [ '7.16.7' ],
62 silly audit   '@babel/plugin-proposal-json-strings': [ '7.16.7' ],
62 silly audit   '@babel/plugin-proposal-logical-assignment-operators': [ '7.16.7' ],
62 silly audit   '@babel/plugin-proposal-nullish-coalescing-operator': [ '7.16.7' ],
62 silly audit   '@babel/plugin-proposal-numeric-separator': [ '7.16.7' ],
62 silly audit   '@babel/plugin-proposal-object-rest-spread': [ '7.16.7' ],
62 silly audit   '@babel/plugin-proposal-optional-catch-binding': [ '7.16.7' ],
62 silly audit   '@babel/plugin-proposal-optional-chaining': [ '7.16.7' ],
62 silly audit   '@babel/plugin-proposal-private-methods': [ '7.16.11' ],
62 silly audit   '@babel/plugin-proposal-private-property-in-object': [ '7.16.7' ],
62 silly audit   '@babel/plugin-proposal-unicode-property-regex': [ '7.16.7' ],
62 silly audit   '@babel/plugin-syntax-async-generators': [ '7.8.4' ],
62 silly audit   '@babel/plugin-syntax-bigint': [ '7.8.3' ],
62 silly audit   '@babel/plugin-syntax-class-properties': [ '7.12.13' ],
62 silly audit   '@babel/plugin-syntax-class-static-block': [ '7.14.5' ],
62 silly audit   '@babel/plugin-syntax-decorators': [ '7.17.0' ],
62 silly audit   '@babel/plugin-syntax-dynamic-import': [ '7.8.3' ],
62 silly audit   '@babel/plugin-syntax-export-namespace-from': [ '7.8.3' ],
62 silly audit   '@babel/plugin-syntax-flow': [ '7.16.7' ],
62 silly audit   '@babel/plugin-syntax-import-meta': [ '7.10.4' ],
62 silly audit   '@babel/plugin-syntax-json-strings': [ '7.8.3' ],
62 silly audit   '@babel/plugin-syntax-jsx': [ '7.16.7' ],
62 silly audit   '@babel/plugin-syntax-logical-assignment-operators': [ '7.10.4' ],
62 silly audit   '@babel/plugin-syntax-nullish-coalescing-operator': [ '7.8.3' ],
62 silly audit   '@babel/plugin-syntax-numeric-separator': [ '7.10.4' ],
62 silly audit   '@babel/plugin-syntax-object-rest-spread': [ '7.8.3' ],
62 silly audit   '@babel/plugin-syntax-optional-catch-binding': [ '7.8.3' ],
62 silly audit   '@babel/plugin-syntax-optional-chaining': [ '7.8.3' ],
62 silly audit   '@babel/plugin-syntax-private-property-in-object': [ '7.14.5' ],
62 silly audit   '@babel/plugin-syntax-top-level-await': [ '7.14.5' ],
62 silly audit   '@babel/plugin-syntax-typescript': [ '7.16.7' ],
62 silly audit   '@babel/plugin-transform-arrow-functions': [ '7.16.7' ],
62 silly audit   '@babel/plugin-transform-async-to-generator': [ '7.16.8' ],
62 silly audit   '@babel/plugin-transform-block-scoped-functions': [ '7.16.7' ],
62 silly audit   '@babel/plugin-transform-block-scoping': [ '7.16.7' ],
62 silly audit   '@babel/plugin-transform-classes': [ '7.16.7' ],
62 silly audit   '@babel/plugin-transform-computed-properties': [ '7.16.7' ],
62 silly audit   '@babel/plugin-transform-destructuring': [ '7.16.7' ],
62 silly audit   '@babel/plugin-transform-dotall-regex': [ '7.16.7' ],
62 silly audit   '@babel/plugin-transform-duplicate-keys': [ '7.16.7' ],
62 silly audit   '@babel/plugin-transform-exponentiation-operator': [ '7.16.7' ],
62 silly audit   '@babel/plugin-transform-flow-strip-types': [ '7.16.7' ],
62 silly audit   '@babel/plugin-transform-for-of': [ '7.16.7' ],
62 silly audit   '@babel/plugin-transform-function-name': [ '7.16.7' ],
62 silly audit   '@babel/plugin-transform-literals': [ '7.16.7' ],
62 silly audit   '@babel/plugin-transform-member-expression-literals': [ '7.16.7' ],
62 silly audit   '@babel/plugin-transform-modules-amd': [ '7.16.7' ],
62 silly audit   '@babel/plugin-transform-modules-commonjs': [ '7.16.8' ],
62 silly audit   '@babel/plugin-transform-modules-systemjs': [ '7.16.7' ],
62 silly audit   '@babel/plugin-transform-modules-umd': [ '7.16.7' ],
62 silly audit   '@babel/plugin-transform-named-capturing-groups-regex': [ '7.16.8' ],
62 silly audit   '@babel/plugin-transform-new-target': [ '7.16.7' ],
62 silly audit   '@babel/plugin-transform-object-super': [ '7.16.7' ],
62 silly audit   '@babel/plugin-transform-parameters': [ '7.16.7' ],
62 silly audit   '@babel/plugin-transform-property-literals': [ '7.16.7' ],
62 silly audit   '@babel/plugin-transform-react-constant-elements': [ '7.16.7' ],
62 silly audit   '@babel/plugin-transform-react-display-name': [ '7.16.7' ],
62 silly audit   '@babel/plugin-transform-react-jsx': [ '7.16.7' ],
62 silly audit   '@babel/plugin-transform-react-jsx-development': [ '7.16.7' ],
62 silly audit   '@babel/plugin-transform-react-pure-annotations': [ '7.16.7' ],
62 silly audit   '@babel/plugin-transform-regenerator': [ '7.16.7' ],
62 silly audit   '@babel/plugin-transform-reserved-words': [ '7.16.7' ],
62 silly audit   '@babel/plugin-transform-runtime': [ '7.17.0' ],
62 silly audit   '@babel/plugin-transform-shorthand-properties': [ '7.16.7' ],
62 silly audit   '@babel/plugin-transform-spread': [ '7.16.7' ],
62 silly audit   '@babel/plugin-transform-sticky-regex': [ '7.16.7' ],
62 silly audit   '@babel/plugin-transform-template-literals': [ '7.16.7' ],
62 silly audit   '@babel/plugin-transform-typeof-symbol': [ '7.16.7' ],
62 silly audit   '@babel/plugin-transform-typescript': [ '7.16.8' ],
62 silly audit   '@babel/plugin-transform-unicode-escapes': [ '7.16.7' ],
62 silly audit   '@babel/plugin-transform-unicode-regex': [ '7.16.7' ],
62 silly audit   '@babel/preset-env': [ '7.16.11' ],
62 silly audit   '@babel/preset-modules': [ '0.1.5' ],
62 silly audit   '@babel/preset-react': [ '7.16.7' ],
62 silly audit   '@babel/preset-typescript': [ '7.16.7' ],
62 silly audit   '@babel/runtime': [ '7.17.0' ],
62 silly audit   '@babel/runtime-corejs3': [ '7.17.0' ],
62 silly audit   '@babel/template': [ '7.16.7' ],
62 silly audit   '@babel/traverse': [ '7.17.0' ],
62 silly audit   '@babel/types': [ '7.17.0' ],
62 silly audit   '@bcoe/v8-coverage': [ '0.2.3' ],
62 silly audit   '@bedrock-layout/use-forwarded-ref': [ '1.2.0' ],
62 silly audit   '@bedrock-layout/use-stateful-ref': [ '1.2.0' ],
62 silly audit   '@csstools/normalize.css': [ '12.0.0' ],
62 silly audit   '@csstools/postcss-font-format-keywords': [ '1.0.0' ],
62 silly audit   '@csstools/postcss-hwb-function': [ '1.0.0' ],
62 silly audit   '@csstools/postcss-is-pseudo-class': [ '2.0.0' ],
62 silly audit   '@csstools/postcss-normalize-display-values': [ '1.0.0' ],
62 silly audit   '@emotion/babel-plugin': [ '11.7.2' ],
62 silly audit   'babel-plugin-macros': [ '2.8.0', '3.1.0' ],
62 silly audit   cosmiconfig: [ '6.0.0', '7.0.1' ],
62 silly audit   'escape-string-regexp': [ '4.0.0', '1.0.5', '2.0.0' ],
62 silly audit   '@emotion/cache': [ '11.7.1' ],
62 silly audit   '@emotion/hash': [ '0.8.0' ],
62 silly audit   '@emotion/memoize': [ '0.7.5' ],
62 silly audit   '@emotion/react': [ '11.8.1' ],
62 silly audit   '@emotion/serialize': [ '1.0.2' ],
62 silly audit   '@emotion/sheet': [ '1.1.0' ],
62 silly audit   '@emotion/unitless': [ '0.7.5' ],
62 silly audit   '@emotion/utils': [ '1.1.0' ],
62 silly audit   '@emotion/weak-memoize': [ '0.2.5' ],
62 silly audit   '@eslint/eslintrc': [ '1.0.5' ],
62 silly audit   argparse: [ '2.0.1', '1.0.10' ],
62 silly audit   globals: [ '13.12.1', '11.12.0' ],
62 silly audit   ignore: [ '4.0.6', '5.2.0' ],
62 silly audit   'js-yaml': [ '4.1.0', '3.14.1' ],
62 silly audit   'type-fest': [ '0.20.2', '0.16.0', '0.21.3' ],
62 silly audit   '@googlemaps/js-api-loader': [ '1.14.1' ],
62 silly audit   '@googlemaps/react-wrapper': [ '1.1.32' ],
62 silly audit   '@googlemaps/typescript-guards': [ '1.0.14' ],
62 silly audit   '@humanwhocodes/config-array': [ '0.9.3' ],
62 silly audit   '@humanwhocodes/object-schema': [ '1.2.1' ],
62 silly audit   '@istanbuljs/load-nyc-config': [ '1.1.0' ],
62 silly audit   camelcase: [ '5.3.1', '6.3.0' ],
62 silly audit   'find-up': [ '4.1.0', '2.1.0', '5.0.0', '3.0.0' ],
62 silly audit   'locate-path': [ '5.0.0', '2.0.0', '6.0.0', '3.0.0' ],
62 silly audit   'p-limit': [ '2.3.0', '1.3.0', '3.1.0' ],
62 silly audit   'p-locate': [ '4.1.0', '2.0.0', '5.0.0', '3.0.0' ],
62 silly audit   '@istanbuljs/schema': [ '0.1.3' ],
62 silly audit   '@jest/console': [ '27.4.6' ],
62 silly audit   'ansi-styles': [ '4.3.0', '3.2.1', '5.2.0' ],
62 silly audit   chalk: [ '4.1.2', '3.0.0', '2.4.2' ],
62 silly audit   'color-convert': [ '2.0.1', '1.9.3' ],
62 silly audit   'color-name': [ '1.1.4', '1.1.3' ],
62 silly audit   'has-flag': [ '4.0.0', '3.0.0' ],
62 silly audit   'supports-color': [ '7.2.0', '8.1.1', '5.5.0' ],
62 silly audit   '@jest/core': [ '27.4.7' ],
62 silly audit   '@jest/environment': [ '27.4.6' ],
62 silly audit   '@jest/fake-timers': [ '27.4.6' ],
62 silly audit   '@jest/globals': [ '27.4.6' ],
62 silly audit   '@jest/reporters': [ '27.4.6' ],
62 silly audit   'source-map': [ '0.6.1', '0.7.3', '0.5.7', '0.8.0-beta.0' ],
62 silly audit   '@jest/source-map': [ '27.4.0' ],
62 silly audit   '@jest/test-result': [ '27.4.6' ],
62 silly audit   '@jest/test-sequencer': [ '27.4.6' ],
62 silly audit   '@jest/transform': [ '27.4.6' ],
62 silly audit   '@jest/types': [ '27.4.2' ],
62 silly audit   '@jridgewell/resolve-uri': [ '3.0.4' ],
62 silly audit   '@jridgewell/trace-mapping': [ '0.2.5' ],
62 silly audit   '@nodelib/fs.scandir': [ '2.1.5' ],
62 silly audit   '@nodelib/fs.stat': [ '2.0.5' ],
62 silly audit   '@nodelib/fs.walk': [ '1.2.8' ],
62 silly audit   '@pmmmwh/react-refresh-webpack-plugin': [ '0.5.4' ],
62 silly audit   '@popperjs/core': [ '2.11.2' ],
62 silly audit   '@rollup/plugin-babel': [ '5.3.0' ],
62 silly audit   '@rollup/plugin-node-resolve': [ '11.2.1' ],
62 silly audit   '@rollup/plugin-replace': [ '2.4.2' ],
62 silly audit   '@rollup/pluginutils': [ '3.1.0' ],
62 silly audit   '@types/estree': [ '0.0.39', '0.0.50' ],
62 silly audit   '@rushstack/eslint-patch': [ '1.1.0' ],
62 silly audit   '@sinonjs/commons': [ '1.8.3' ],
62 silly audit   '@sinonjs/fake-timers': [ '8.1.0' ],
62 silly audit   '@surma/rollup-plugin-off-main-thread': [ '2.2.3' ],
62 silly audit   '@svgr/babel-plugin-add-jsx-attribute': [ '5.4.0' ],
62 silly audit   '@svgr/babel-plugin-remove-jsx-attribute': [ '5.4.0' ],
62 silly audit   '@svgr/babel-plugin-remove-jsx-empty-expression': [ '5.0.1' ],
62 silly audit   '@svgr/babel-plugin-replace-jsx-attribute-value': [ '5.0.1' ],
62 silly audit   '@svgr/babel-plugin-svg-dynamic-title': [ '5.4.0' ],
62 silly audit   '@svgr/babel-plugin-svg-em-dimensions': [ '5.4.0' ],
62 silly audit   '@svgr/babel-plugin-transform-react-native-svg': [ '5.4.0' ],
62 silly audit   '@svgr/babel-plugin-transform-svg-component': [ '5.5.0' ],
62 silly audit   '@svgr/babel-preset': [ '5.5.0' ],
62 silly audit   '@svgr/core': [ '5.5.0' ],
62 silly audit   '@svgr/hast-util-to-babel-ast': [ '5.5.0' ],
62 silly audit   '@svgr/plugin-jsx': [ '5.5.0' ],
62 silly audit   '@svgr/plugin-svgo': [ '5.5.0' ],
62 silly audit   '@svgr/webpack': [ '5.5.0' ],
62 silly audit   '@testing-library/dom': [ '8.11.3' ],
62 silly audit   'aria-query': [ '5.0.0', '4.2.2' ],
62 silly audit   '@testing-library/jest-dom': [ '5.16.2' ],
62 silly audit   '@testing-library/react': [ '12.1.2' ],
62 silly audit   '@testing-library/user-event': [ '13.5.0' ],
62 silly audit   '@tootallnate/once': [ '1.1.2' ],
62 silly audit   '@trysound/sax': [ '0.2.0' ],
62 silly audit   '@types/aria-query': [ '4.2.2' ],
62 silly audit   '@types/babel__core': [ '7.1.18' ],
62 silly audit   '@types/babel__generator': [ '7.6.4' ],
62 silly audit   '@types/babel__template': [ '7.4.1' ],
62 silly audit   '@types/babel__traverse': [ '7.14.2' ],
62 silly audit   '@types/body-parser': [ '1.19.2' ],
62 silly audit   '@types/bonjour': [ '3.5.10' ],
62 silly audit   '@types/connect': [ '3.4.35' ],
62 silly audit   '@types/connect-history-api-fallback': [ '1.3.5' ],
62 silly audit   '@types/cookie': [ '0.3.3' ],
62 silly audit   '@types/eslint': [ '7.29.0' ],
62 silly audit   '@types/eslint-scope': [ '3.7.3' ],
62 silly audit   '@types/express': [ '4.17.13' ],
62 silly audit   '@types/express-serve-static-core': [ '4.17.28' ],
62 silly audit   '@types/google.maps': [ '3.48.7' ],
62 silly audit   '@types/graceful-fs': [ '4.1.5' ],
62 silly audit   '@types/history': [ '4.7.11' ],
62 silly audit   '@types/hoist-non-react-statics': [ '3.3.1' ],
62 silly audit   '@types/html-minifier-terser': [ '6.1.0' ],
62 silly audit   '@types/http-proxy': [ '1.17.8' ],
62 silly audit   '@types/istanbul-lib-coverage': [ '2.0.4' ],
62 silly audit   '@types/istanbul-lib-report': [ '3.0.0' ],
62 silly audit   '@types/istanbul-reports': [ '3.0.1' ],
62 silly audit   '@types/jest': [ '27.4.0' ],
62 silly audit   '@types/js-cookie': [ '3.0.1' ],
62 silly audit   '@types/json-schema': [ '7.0.9' ],
62 silly audit   '@types/json5': [ '0.0.29' ],
62 silly audit   '@types/mime': [ '1.3.2' ],
62 silly audit   '@types/node': [ '16.11.22' ],
62 silly audit   '@types/parse-json': [ '4.0.0' ],
62 silly audit   '@types/prettier': [ '2.4.3' ],
62 silly audit   '@types/prop-types': [ '15.7.4' ],
62 silly audit   '@types/q': [ '1.5.5' ],
62 silly audit   '@types/qs': [ '6.9.7' ],
62 silly audit   '@types/range-parser': [ '1.2.4' ],
62 silly audit   '@types/react': [ '17.0.39' ],
62 silly audit   '@types/react-datepicker': [ '4.3.4' ],
62 silly audit   '@types/react-dom': [ '17.0.11' ],
62 silly audit   '@types/react-router': [ '5.1.18' ],
62 silly audit   '@types/react-router-dom': [ '5.3.3' ],
62 silly audit   '@types/react-scroll': [ '1.8.3' ],
62 silly audit   '@types/react-slick': [ '0.23.8' ],
62 silly audit   '@types/react-transition-group': [ '4.4.4' ],
62 silly audit   '@types/resolve': [ '1.17.1' ],
62 silly audit   '@types/retry': [ '0.12.1' ],
62 silly audit   '@types/scheduler': [ '0.16.2' ],
62 silly audit   '@types/serve-index': [ '1.9.1' ],
62 silly audit   '@types/serve-static': [ '1.13.10' ],
62 silly audit   '@types/sockjs': [ '0.3.33' ],
62 silly audit   '@types/stack-utils': [ '2.0.1' ],
62 silly audit   '@types/testing-library__jest-dom': [ '5.14.2' ],
62 silly audit   '@types/trusted-types': [ '2.0.2' ],
62 silly audit   '@types/ws': [ '8.2.2' ],
62 silly audit   '@types/yargs': [ '16.0.4' ],
62 silly audit   '@types/yargs-parser': [ '20.2.1' ],
62 silly audit   '@typescript-eslint/eslint-plugin': [ '5.10.2' ],
62 silly audit   '@typescript-eslint/experimental-utils': [ '5.10.2' ],
62 silly audit   '@typescript-eslint/parser': [ '5.10.2' ],
62 silly audit   '@typescript-eslint/scope-manager': [ '5.10.2' ],
62 silly audit   '@typescript-eslint/type-utils': [ '5.10.2' ],
62 silly audit   '@typescript-eslint/types': [ '5.10.2' ],
62 silly audit   '@typescript-eslint/typescript-estree': [ '5.10.2' ],
62 silly audit   '@typescript-eslint/utils': [ '5.10.2' ],
62 silly audit   '@typescript-eslint/visitor-keys': [ '5.10.2' ],
62 silly audit   '@webassemblyjs/ast': [ '1.11.1' ],
62 silly audit   '@webassemblyjs/floating-point-hex-parser': [ '1.11.1' ],
62 silly audit   '@webassemblyjs/helper-api-error': [ '1.11.1' ],
62 silly audit   '@webassemblyjs/helper-buffer': [ '1.11.1' ],
62 silly audit   '@webassemblyjs/helper-numbers': [ '1.11.1' ],
62 silly audit   '@webassemblyjs/helper-wasm-bytecode': [ '1.11.1' ],
62 silly audit   '@webassemblyjs/helper-wasm-section': [ '1.11.1' ],
62 silly audit   '@webassemblyjs/ieee754': [ '1.11.1' ],
62 silly audit   '@webassemblyjs/leb128': [ '1.11.1' ],
62 silly audit   '@webassemblyjs/utf8': [ '1.11.1' ],
62 silly audit   '@webassemblyjs/wasm-edit': [ '1.11.1' ],
62 silly audit   '@webassemblyjs/wasm-gen': [ '1.11.1' ],
62 silly audit   '@webassemblyjs/wasm-opt': [ '1.11.1' ],
62 silly audit   '@webassemblyjs/wasm-parser': [ '1.11.1' ],
62 silly audit   '@webassemblyjs/wast-printer': [ '1.11.1' ],
62 silly audit   '@xtuc/ieee754': [ '1.2.0' ],
62 silly audit   '@xtuc/long': [ '4.2.2' ],
62 silly audit   abab: [ '2.0.5' ],
62 silly audit   accepts: [ '1.3.8' ],
62 silly audit   acorn: [ '8.7.0', '7.4.1' ],
62 silly audit   'acorn-globals': [ '6.0.0' ],
62 silly audit   'acorn-import-assertions': [ '1.8.0' ],
62 silly audit   'acorn-jsx': [ '5.3.2' ],
62 silly audit   'acorn-node': [ '1.8.2' ],
62 silly audit   'acorn-walk': [ '7.2.0' ],
62 silly audit   address: [ '1.1.2' ],
62 silly audit   'adjust-sourcemap-loader': [ '4.0.0' ],
62 silly audit   'agent-base': [ '6.0.2' ],
62 silly audit   'aggregate-error': [ '3.1.0' ],
62 silly audit   ajv: [ '6.12.6', '8.9.0' ],
62 silly audit   'ajv-formats': [ '2.1.1' ],
62 silly audit   'json-schema-traverse': [ '1.0.0', '0.4.1' ],
62 silly audit   'ajv-keywords': [ '3.5.2', '5.1.0' ],
62 silly audit   'ansi-escapes': [ '4.3.2' ],
62 silly audit   'ansi-html-community': [ '0.0.8' ],
62 silly audit   'ansi-regex': [ '5.0.1', '6.0.1' ],
62 silly audit   anymatch: [ '3.1.2' ],
62 silly audit   arg: [ '5.0.1' ],
62 silly audit   'array-flatten': [ '2.1.2', '1.1.1' ],
62 silly audit   'array-includes': [ '3.1.4' ],
62 silly audit   'array-union': [ '2.1.0' ],
62 silly audit   'array.prototype.flat': [ '1.2.5' ],
62 silly audit   'array.prototype.flatmap': [ '1.2.5' ],
62 silly audit   asap: [ '2.0.6' ],
62 silly audit   'ast-types-flow': [ '0.0.7' ],
62 silly audit   async: [ '2.6.3', '0.9.2' ],
62 silly audit   asynckit: [ '0.4.0' ],
62 silly audit   'at-least-node': [ '1.0.0' ],
62 silly audit   atob: [ '2.1.2' ],
62 silly audit   autoprefixer: [ '10.4.2' ],
62 silly audit   'axe-core': [ '4.4.0' ],
62 silly audit   axios: [ '0.26.1' ],
62 silly audit   'axobject-query': [ '2.2.0' ],
62 silly audit   'babel-jest': [ '27.4.6' ],
62 silly audit   'babel-loader': [ '8.2.3' ],
62 silly audit   json5: [ '1.0.1', '2.2.0' ],
62 silly audit   'loader-utils': [ '1.4.0', '2.0.2', '3.2.0' ],
62 silly audit   'schema-utils': [ '2.7.1', '4.0.0', '2.7.0', '3.1.1' ],
62 silly audit   'babel-plugin-dynamic-import-node': [ '2.3.3' ],
62 silly audit   'babel-plugin-istanbul': [ '6.1.1' ],
62 silly audit   'babel-plugin-jest-hoist': [ '27.4.0' ],
62 silly audit   'babel-plugin-named-asset-import': [ '0.3.8' ],
62 silly audit   'babel-plugin-polyfill-corejs2': [ '0.3.1' ],
62 silly audit   'babel-plugin-polyfill-corejs3': [ '0.5.2' ],
62 silly audit   'babel-plugin-polyfill-regenerator': [ '0.3.1' ],
62 silly audit   'babel-plugin-transform-react-remove-prop-types': [ '0.4.24' ],
62 silly audit   'babel-preset-current-node-syntax': [ '1.0.1' ],
62 silly audit   'babel-preset-jest': [ '27.4.0' ],
62 silly audit   'babel-preset-react-app': [ '10.0.1' ],
62 silly audit   'balanced-match': [ '1.0.2' ],
62 silly audit   batch: [ '0.6.1' ],
62 silly audit   bfj: [ '7.0.2' ],
62 silly audit   'big.js': [ '5.2.2' ],
62 silly audit   'binary-extensions': [ '2.2.0' ],
62 silly audit   bluebird: [ '3.7.2' ],
62 silly audit   'body-parser': [ '1.19.1' ],
62 silly audit   bytes: [ '3.1.1', '3.0.0' ],
62 silly audit   debug: [ '2.6.9', '4.3.3', '3.2.7' ],
62 silly audit   'iconv-lite': [ '0.4.24', '0.6.3' ],
62 silly audit   ms: [ '2.0.0', '2.1.2', '2.1.3' ],
62 silly audit   'body-scroll-lock': [ '3.1.5' ],
62 silly audit   bonjour: [ '3.5.0' ],
62 silly audit   boolbase: [ '1.0.0' ],
62 silly audit   'brace-expansion': [ '1.1.11' ],
62 silly audit   braces: [ '3.0.2' ],
62 silly audit   'browser-process-hrtime': [ '1.0.0' ],
62 silly audit   browserslist: [ '4.19.1' ],
62 silly audit   bser: [ '2.1.1' ],
62 silly audit   'buffer-from': [ '1.1.2' ],
62 silly audit   'buffer-indexof': [ '1.1.1' ],
62 silly audit   'builtin-modules': [ '3.2.0' ],
62 silly audit   'call-bind': [ '1.0.2' ],
62 silly audit   callsites: [ '3.1.0' ],
62 silly audit   'camel-case': [ '4.1.2' ],
62 silly audit   'camelcase-css': [ '2.0.1' ],
62 silly audit   'caniuse-api': [ '3.0.0' ],
62 silly audit   'caniuse-lite': [ '1.0.30001306' ],
62 silly audit   'case-sensitive-paths-webpack-plugin': [ '2.4.0' ],
62 silly audit   'char-regex': [ '1.0.2', '2.0.0' ],
62 silly audit   charcodes: [ '0.2.0' ],
62 silly audit   'check-types': [ '11.1.2' ],
62 silly audit   chokidar: [ '3.5.3' ],
62 silly audit   'glob-parent': [ '5.1.2', '6.0.2' ],
62 silly audit   'chrome-trace-event': [ '1.0.3' ],
62 silly audit   'ci-info': [ '3.3.0' ],
62 silly audit   'cjs-module-lexer': [ '1.2.2' ],
62 silly audit   classnames: [ '2.3.1' ],
62 silly audit   'clean-css': [ '5.2.4' ],
62 silly audit   'clean-stack': [ '2.2.0' ],
62 silly audit   cliui: [ '7.0.4' ],
62 silly audit   co: [ '4.6.0' ],
62 silly audit   coa: [ '2.0.2' ],
62 silly audit   'collect-v8-coverage': [ '1.0.1' ],
62 silly audit   colord: [ '2.9.2' ],
62 silly audit   colorette: [ '2.0.16' ],
62 silly audit   'combined-stream': [ '1.0.8' ],
62 silly audit   commander: [ '8.3.0', '7.2.0', '2.20.3' ],
62 silly audit   'common-path-prefix': [ '3.0.0' ],
62 silly audit   'common-tags': [ '1.8.2' ],
62 silly audit   commondir: [ '1.0.1' ],
62 silly audit   compressible: [ '2.0.18' ],
62 silly audit   compression: [ '1.7.4' ],
62 silly audit   'concat-map': [ '0.0.1' ],
62 silly audit   'confusing-browser-globals': [ '1.0.11' ],
62 silly audit   'connect-history-api-fallback': [ '1.6.0' ],
62 silly audit   'content-disposition': [ '0.5.4' ],
62 silly audit   'safe-buffer': [ '5.2.1', '5.1.2' ],
62 silly audit   'content-type': [ '1.0.4' ],
62 silly audit   'convert-source-map': [ '1.8.0' ],
62 silly audit   cookie: [ '0.4.1' ],
62 silly audit   'cookie-signature': [ '1.0.6' ],
62 silly audit   'core-js': [ '3.21.0' ],
62 silly audit   'core-js-compat': [ '3.21.0' ],
62 silly audit   'core-js-pure': [ '3.21.0' ],
62 silly audit   'core-util-is': [ '1.0.3' ],
62 silly audit   'cross-spawn': [ '7.0.3' ],
62 silly audit   'crypto-random-string': [ '2.0.0' ],
62 silly audit   css: [ '3.0.0' ],
62 silly audit   'css-blank-pseudo': [ '3.0.2' ],
62 silly audit   'css-declaration-sorter': [ '6.1.4' ],
62 silly audit   'css-has-pseudo': [ '3.0.3' ],
62 silly audit   'css-loader': [ '6.6.0' ],
62 silly audit   'css-minimizer-webpack-plugin': [ '3.4.1' ],
62 silly audit   'css-prefers-color-scheme': [ '6.0.3' ],
62 silly audit   'css-select': [ '4.2.1', '2.1.0' ],
62 silly audit   'css-select-base-adapter': [ '0.1.1' ],
62 silly audit   'css-tree': [ '1.0.0-alpha.37', '1.1.3' ],
62 silly audit   'css-what': [ '5.1.0', '3.4.2' ],
62 silly audit   'css.escape': [ '1.5.1' ],
62 silly audit   cssdb: [ '6.1.0' ],
62 silly audit   cssesc: [ '3.0.0' ],
62 silly audit   cssnano: [ '5.0.16' ],
62 silly audit   'cssnano-preset-default': [ '5.1.11' ],
62 silly audit   'cssnano-utils': [ '3.0.1' ],
62 silly audit   csso: [ '4.2.0' ],
62 silly audit   'mdn-data': [ '2.0.14', '2.0.4' ],
62 silly audit   cssom: [ '0.4.4', '0.3.8' ],
62 silly audit   cssstyle: [ '2.3.0' ],
62 silly audit   csstype: [ '3.0.10' ],
62 silly audit   'damerau-levenshtein': [ '1.0.8' ],
62 silly audit   'data-urls': [ '2.0.0' ],
62 silly audit   'date-fns': [ '2.28.0' ],
62 silly audit   'decimal.js': [ '10.3.1' ],
62 silly audit   'decode-uri-component': [ '0.2.0' ],
62 silly audit   dedent: [ '0.7.0' ],
62 silly audit   'deep-equal': [ '1.1.1' ],
62 silly audit   'deep-is': [ '0.1.4' ],
62 silly audit   deepmerge: [ '4.2.2' ],
62 silly audit   'default-gateway': [ '6.0.3' ],
62 silly audit   'define-lazy-prop': [ '2.0.0' ],
62 silly audit   'define-properties': [ '1.1.3' ],
62 silly audit   defined: [ '1.0.0' ],
62 silly audit   del: [ '6.0.0' ],
62 silly audit   'delayed-stream': [ '1.0.0' ],
62 silly audit   depd: [ '1.1.2' ],
62 silly audit   destroy: [ '1.0.4' ],
62 silly audit   'detect-newline': [ '3.1.0' ],
62 silly audit   'detect-node': [ '2.1.0' ],
62 silly audit   'detect-port-alt': [ '1.1.6' ],
62 silly audit   detective: [ '5.2.0' ],
62 silly audit   didyoumean: [ '1.2.2' ],
62 silly audit   'diff-sequences': [ '27.4.0' ],
62 silly audit   'dir-glob': [ '3.0.1' ],
62 silly audit   dlv: [ '1.1.3' ],
62 silly audit   'dns-equal': [ '1.0.0' ],
62 silly audit   'dns-packet': [ '1.3.4' ],
62 silly audit   'dns-txt': [ '2.0.2' ],
62 silly audit   doctrine: [ '3.0.0', '2.1.0' ],
62 silly audit   'dom-accessibility-api': [ '0.5.11' ],
62 silly audit   'dom-converter': [ '0.2.0' ],
62 silly audit   'dom-helpers': [ '5.2.1' ],
62 silly audit   'dom-serializer': [ '1.3.2', '0.2.2' ],
62 silly audit   domelementtype: [ '2.2.0', '1.3.1' ],
62 silly audit   domexception: [ '2.0.1' ],
62 silly audit   'webidl-conversions': [ '5.0.0', '6.1.0', '4.0.2' ],
62 silly audit   domhandler: [ '4.3.0' ],
62 silly audit   domutils: [ '2.8.0', '1.7.0' ],
62 silly audit   'dot-case': [ '3.0.4' ],
62 silly audit   dotenv: [ '10.0.0' ],
62 silly audit   'dotenv-expand': [ '5.1.0' ],
62 silly audit   duplexer: [ '0.1.2' ],
62 silly audit   'ee-first': [ '1.1.1' ],
62 silly audit   ejs: [ '3.1.6' ],
62 silly audit   'electron-to-chromium': [ '1.4.64' ],
62 silly audit   emittery: [ '0.8.1' ],
62 silly audit   'emoji-regex': [ '9.2.2', '8.0.0' ],
62 silly audit   'emojis-list': [ '3.0.0' ],
62 silly audit   encodeurl: [ '1.0.2' ],
62 silly audit   'enhanced-resolve': [ '5.8.3' ],
62 silly audit   'enquire.js': [ '2.1.6' ],
62 silly audit   entities: [ '2.2.0' ],
62 silly audit   'error-ex': [ '1.3.2' ],
62 silly audit   'error-stack-parser': [ '2.0.6' ],
62 silly audit   'es-abstract': [ '1.19.1' ],
62 silly audit   'es-module-lexer': [ '0.9.3' ],
62 silly audit   'es-to-primitive': [ '1.2.1' ],
62 silly audit   escalade: [ '3.1.1' ],
62 silly audit   'escape-html': [ '1.0.3' ],
62 silly audit   escodegen: [ '2.0.0' ],
62 silly audit   levn: [ '0.3.0', '0.4.1' ],
62 silly audit   optionator: [ '0.8.3', '0.9.1' ],
62 silly audit   'prelude-ls': [ '1.1.2', '1.2.1' ],
62 silly audit   'type-check': [ '0.3.2', '0.4.0' ],
62 silly audit   eslint: [ '8.8.0' ],
62 silly audit   'eslint-config-react-app': [ '7.0.0' ],
62 silly audit   'eslint-import-resolver-node': [ '0.3.6' ],
62 silly audit   'eslint-module-utils': [ '2.7.3' ],
62 silly audit   'p-try': [ '1.0.0', '2.2.0' ],
62 silly audit   'path-exists': [ '3.0.0', '4.0.0' ],
62 silly audit   'eslint-plugin-flowtype': [ '8.0.3' ],
62 silly audit   'eslint-plugin-import': [ '2.25.4' ],
62 silly audit   'eslint-plugin-jest': [ '25.7.0' ],
62 silly audit   'eslint-plugin-jsx-a11y': [ '6.5.1' ],
62 silly audit   'eslint-plugin-react': [ '7.28.0' ],
62 silly audit   'eslint-plugin-react-hooks': [ '4.3.0' ],
62 silly audit   resolve: [ '2.0.0-next.3', '1.22.0' ],
62 silly audit   'eslint-plugin-testing-library': [ '5.0.5' ],
62 silly audit   'eslint-utils': [ '3.0.0' ],
62 silly audit   'eslint-webpack-plugin': [ '3.1.1' ],
62 silly audit   espree: [ '9.3.0' ],
62 silly audit   esprima: [ '4.0.1' ],
62 silly audit   esquery: [ '1.4.0' ],
62 silly audit   esrecurse: [ '4.3.0' ],
62 silly audit   'estree-walker': [ '1.0.1' ],
62 silly audit   esutils: [ '2.0.3' ],
62 silly audit   etag: [ '1.8.1' ],
62 silly audit   eventemitter3: [ '4.0.7' ],
62 silly audit   events: [ '3.3.0' ],
62 silly audit   execa: [ '5.1.1' ],
62 silly audit   exit: [ '0.1.2' ],
62 silly audit   expect: [ '27.4.6' ],
62 silly audit   express: [ '4.17.2' ],
62 silly audit   'fast-deep-equal': [ '3.1.3' ],
62 silly audit   'fast-equals': [ '3.0.2' ],
62 silly audit   'fast-glob': [ '3.2.11' ],
62 silly audit   'fast-json-stable-stringify': [ '2.1.0' ],
62 silly audit   'fast-levenshtein': [ '2.0.6' ],
62 silly audit   fastq: [ '1.13.0' ],
62 silly audit   'faye-websocket': [ '0.11.4' ],
62 silly audit   'fb-watchman': [ '2.0.1' ],
62 silly audit   'file-entry-cache': [ '6.0.1' ],
62 silly audit   'file-loader': [ '6.2.0' ],
62 silly audit   filelist: [ '1.0.2' ],
62 silly audit   filesize: [ '8.0.7' ],
62 silly audit   'fill-range': [ '7.0.1' ],
62 silly audit   finalhandler: [ '1.1.2' ],
62 silly audit   'find-cache-dir': [ '3.3.2' ],
62 silly audit   'find-root': [ '1.1.0' ],
62 silly audit   'flat-cache': [ '3.0.4' ],
62 silly audit   flatted: [ '3.2.5' ],
62 silly audit   'follow-redirects': [ '1.14.9' ],
62 silly audit   'fork-ts-checker-webpack-plugin': [ '6.5.0' ],
62 silly audit   'fs-extra': [ '9.1.0', '10.0.0' ],
62 silly audit   tapable: [ '1.1.3', '2.2.1' ],
62 silly audit   'form-data': [ '3.0.1' ],
62 silly audit   forwarded: [ '0.2.0' ],
62 silly audit   'fraction.js': [ '4.1.2' ],
62 silly audit   fresh: [ '0.5.2' ],
62 silly audit   'fs-monkey': [ '1.0.3' ],
62 silly audit   'fs.realpath': [ '1.0.0' ],
62 silly audit   fsevents: [ '2.3.2' ],
62 silly audit   'function-bind': [ '1.1.1' ],
62 silly audit   'functional-red-black-tree': [ '1.0.1' ],
62 silly audit   gensync: [ '1.0.0-beta.2' ],
62 silly audit   'get-caller-file': [ '2.0.5' ],
62 silly audit   'get-intrinsic': [ '1.1.1' ],
62 silly audit   'get-own-enumerable-property-symbols': [ '3.0.2' ],
62 silly audit   'get-package-type': [ '0.1.0' ],
62 silly audit   'get-stream': [ '6.0.1' ],
62 silly audit   'get-symbol-description': [ '1.0.0' ],
62 silly audit   glob: [ '7.2.0' ],
62 silly audit   'glob-to-regexp': [ '0.4.1' ],
62 silly audit   'global-modules': [ '2.0.0' ],
62 silly audit   'global-prefix': [ '3.0.0' ],
62 silly audit   which: [ '1.3.1', '2.0.2' ],
62 silly audit   globby: [ '11.1.0' ],
62 silly audit   'graceful-fs': [ '4.2.9' ],
62 silly audit   'gzip-size': [ '6.0.0' ],
62 silly audit   'handle-thing': [ '2.0.1' ],
62 silly audit   'harmony-reflect': [ '1.6.2' ],
62 silly audit   has: [ '1.0.3' ],
62 silly audit   'has-bigints': [ '1.0.1' ],
62 silly audit   'has-symbols': [ '1.0.2' ],
62 silly audit   'has-tostringtag': [ '1.0.0' ],
62 silly audit   he: [ '1.2.0' ],
62 silly audit   history: [ '5.3.0' ],
62 silly audit   'hoist-non-react-statics': [ '3.3.2' ],
62 silly audit   'react-is': [ '16.13.1', '17.0.2' ],
62 silly audit   hoopy: [ '0.1.4' ],
62 silly audit   'hpack.js': [ '2.1.6' ],
62 silly audit   'readable-stream': [ '2.3.7', '3.6.0' ],
62 silly audit   string_decoder: [ '1.1.1', '1.3.0' ],
62 silly audit   'html-encoding-sniffer': [ '2.0.1' ],
62 silly audit   'html-entities': [ '2.3.2' ],
62 silly audit   'html-escaper': [ '2.0.2' ],
62 silly audit   'html-minifier-terser': [ '6.1.0' ],
62 silly audit   'html-webpack-plugin': [ '5.5.0' ],
62 silly audit   htmlparser2: [ '6.1.0' ],
62 silly audit   'http-deceiver': [ '1.2.7' ],
62 silly audit   'http-errors': [ '1.8.1', '1.6.3' ],
62 silly audit   'http-parser-js': [ '0.5.5' ],
62 silly audit   'http-proxy': [ '1.18.1' ],
62 silly audit   'http-proxy-agent': [ '4.0.1' ],
62 silly audit   'http-proxy-middleware': [ '2.0.2' ],
62 silly audit   'https-proxy-agent': [ '5.0.0' ],
62 silly audit   'human-signals': [ '2.1.0' ],
62 silly audit   'icss-utils': [ '5.1.0' ],
62 silly audit   idb: [ '6.1.5' ],
62 silly audit   'identity-obj-proxy': [ '3.0.0' ],
62 silly audit   immer: [ '9.0.12' ],
62 silly audit   immutable: [ '4.0.0' ],
62 silly audit   'import-fresh': [ '3.3.0' ],
62 silly audit   'resolve-from': [ '4.0.0', '5.0.0' ],
62 silly audit   'import-local': [ '3.1.0' ],
62 silly audit   imurmurhash: [ '0.1.4' ],
62 silly audit   'indent-string': [ '4.0.0' ],
62 silly audit   inflight: [ '1.0.6' ],
62 silly audit   inherits: [ '2.0.4', '2.0.3' ],
62 silly audit   ini: [ '1.3.8' ],
62 silly audit   'internal-slot': [ '1.0.3' ],
62 silly audit   ip: [ '1.1.5' ],
62 silly audit   'ipaddr.js': [ '2.0.1', '1.9.1' ],
62 silly audit   'is-arguments': [ '1.1.1' ],
62 silly audit   'is-arrayish': [ '0.2.1' ],
62 silly audit   'is-bigint': [ '1.0.4' ],
62 silly audit   'is-binary-path': [ '2.1.0' ],
62 silly audit   'is-boolean-object': [ '1.1.2' ],
62 silly audit   'is-callable': [ '1.2.4' ],
62 silly audit   'is-core-module': [ '2.8.1' ],
62 silly audit   'is-date-object': [ '1.0.5' ],
62 silly audit   'is-docker': [ '2.2.1' ],
62 silly audit   'is-extglob': [ '2.1.1' ],
62 silly audit   'is-fullwidth-code-point': [ '3.0.0' ],
62 silly audit   'is-generator-fn': [ '2.1.0' ],
62 silly audit   'is-glob': [ '4.0.3' ],
62 silly audit   'is-module': [ '1.0.0' ],
62 silly audit   'is-negative-zero': [ '2.0.2' ],
62 silly audit   'is-number': [ '7.0.0' ],
62 silly audit   'is-number-object': [ '1.0.6' ],
62 silly audit   'is-obj': [ '1.0.1' ],
62 silly audit   'is-path-cwd': [ '2.2.0' ],
62 silly audit   'is-path-inside': [ '3.0.3' ],
62 silly audit   'is-plain-obj': [ '3.0.0' ],
62 silly audit   'is-potential-custom-element-name': [ '1.0.1' ],
62 silly audit   'is-regex': [ '1.1.4' ],
62 silly audit   'is-regexp': [ '1.0.0' ],
62 silly audit   'is-root': [ '2.1.0' ],
62 silly audit   'is-shared-array-buffer': [ '1.0.1' ],
62 silly audit   'is-stream': [ '2.0.1' ],
62 silly audit   'is-string': [ '1.0.7' ],
62 silly audit   'is-symbol': [ '1.0.4' ],
62 silly audit   'is-typedarray': [ '1.0.0' ],
62 silly audit   'is-weakref': [ '1.0.2' ],
62 silly audit   'is-wsl': [ '2.2.0' ],
62 silly audit   isarray: [ '1.0.0' ],
62 silly audit   isexe: [ '2.0.0' ],
62 silly audit   'istanbul-lib-coverage': [ '3.2.0' ],
62 silly audit   'istanbul-lib-instrument': [ '5.1.0' ],
62 silly audit   'istanbul-lib-report': [ '3.0.0' ],
62 silly audit   'istanbul-lib-source-maps': [ '4.0.1' ],
62 silly audit   'istanbul-reports': [ '3.1.3' ],
62 silly audit   jake: [ '10.8.2' ],
62 silly audit   jest: [ '27.4.7' ],
62 silly audit   'jest-changed-files': [ '27.4.2' ],
62 silly audit   'jest-circus': [ '27.4.6' ],
62 silly audit   'jest-cli': [ '27.4.7' ],
62 silly audit   'jest-config': [ '27.4.7' ],
62 silly audit   'jest-diff': [ '27.4.6' ],
62 silly audit   'jest-docblock': [ '27.4.0' ],
62 silly audit   'jest-each': [ '27.4.6' ],
62 silly audit   'jest-environment-jsdom': [ '27.4.6' ],
62 silly audit   'jest-environment-node': [ '27.4.6' ],
62 silly audit   'jest-get-type': [ '27.4.0' ],
62 silly audit   'jest-haste-map': [ '27.4.6' ],
62 silly audit   'jest-jasmine2': [ '27.4.6' ],
62 silly audit   'jest-leak-detector': [ '27.4.6' ],
62 silly audit   'jest-matcher-utils': [ '27.4.6' ],
62 silly audit   'jest-message-util': [ '27.4.6' ],
62 silly audit   'jest-mock': [ '27.4.6' ],
62 silly audit   'jest-pnp-resolver': [ '1.2.2' ],
62 silly audit   'jest-regex-util': [ '27.4.0' ],
62 silly audit   'jest-resolve': [ '27.4.6' ],
62 silly audit   'jest-resolve-dependencies': [ '27.4.6' ],
62 silly audit   'jest-runner': [ '27.4.6' ],
62 silly audit   'jest-runtime': [ '27.4.6' ],
62 silly audit   'jest-serializer': [ '27.4.0' ],
62 silly audit   'jest-snapshot': [ '27.4.6' ],
62 silly audit   'jest-util': [ '27.4.2' ],
62 silly audit   'jest-validate': [ '27.4.6' ],
62 silly audit   'jest-watch-typeahead': [ '1.0.0' ],
62 silly audit   slash: [ '4.0.0', '3.0.0' ],
62 silly audit   'string-length': [ '5.0.1', '4.0.2' ],
62 silly audit   'strip-ansi': [ '7.0.1', '6.0.1' ],
62 silly audit   'jest-watcher': [ '27.4.6' ],
62 silly audit   'jest-worker': [ '27.4.6', '26.6.2' ],
62 silly audit   jquery: [ '3.6.0' ],
62 silly audit   'js-cookie': [ '3.0.1' ],
62 silly audit   'js-tokens': [ '4.0.0' ],
62 silly audit   jsdom: [ '16.7.0' ],
62 silly audit   jsesc: [ '2.5.2', '0.5.0' ],
62 silly audit   'json-parse-better-errors': [ '1.0.2' ],
62 silly audit   'json-parse-even-better-errors': [ '2.3.1' ],
62 silly audit   'json-schema': [ '0.4.0' ],
62 silly audit   'json-stable-stringify-without-jsonify': [ '1.0.1' ],
62 silly audit   json2mq: [ '0.2.0' ],
62 silly audit   jsonfile: [ '6.1.0' ],
62 silly audit   jsonpointer: [ '5.0.0' ],
62 silly audit   'jsx-ast-utils': [ '3.2.1' ],
62 silly audit   'kind-of': [ '6.0.3' ],
62 silly audit   kleur: [ '3.0.3' ],
62 silly audit   klona: [ '2.0.5' ],
62 silly audit   'language-subtag-registry': [ '0.3.21' ],
62 silly audit   'language-tags': [ '1.0.5' ],
62 silly audit   leven: [ '3.1.0' ],
62 silly audit   lilconfig: [ '2.0.4' ],
62 silly audit   'lines-and-columns': [ '1.2.4' ],
62 silly audit   'load-script': [ '1.0.0' ],
62 silly audit   'loader-runner': [ '4.2.0' ],
62 silly audit   lodash: [ '4.17.21' ],
62 silly audit   'lodash.debounce': [ '4.0.8' ],
62 silly audit   'lodash.memoize': [ '4.1.2' ],
62 silly audit   'lodash.merge': [ '4.6.2' ],
62 silly audit   'lodash.sortby': [ '4.7.0' ],
62 silly audit   'lodash.throttle': [ '4.1.1' ],
62 silly audit   'lodash.uniq': [ '4.5.0' ],
62 silly audit   'loose-envify': [ '1.4.0' ],
62 silly audit   'lower-case': [ '2.0.2' ],
62 silly audit   'lru-cache': [ '6.0.0' ],
62 silly audit   'lz-string': [ '1.4.4' ],
62 silly audit   'magic-string': [ '0.25.7' ],
62 silly audit   'make-dir': [ '3.1.0' ],
62 silly audit   makeerror: [ '1.0.12' ],
62 silly audit   'media-typer': [ '0.3.0' ],
62 silly audit   memfs: [ '3.4.1' ],
62 silly audit   'memoize-one': [ '5.2.1' ],
62 silly audit   'merge-descriptors': [ '1.0.1' ],
62 silly audit   'merge-stream': [ '2.0.0' ],
62 silly audit   merge2: [ '1.4.1' ],
62 silly audit   methods: [ '1.1.2' ],
62 silly audit   micromatch: [ '4.0.4' ],
62 silly audit   mime: [ '1.6.0' ],
62 silly audit   'mime-db': [ '1.51.0' ],
62 silly audit   'mime-types': [ '2.1.34' ],
62 silly audit   'mimic-fn': [ '2.1.0' ],
62 silly audit   'min-indent': [ '1.0.1' ],
62 silly audit   'mini-css-extract-plugin': [ '2.5.3' ],
62 silly audit   'minimalistic-assert': [ '1.0.1' ],
62 silly audit   minimatch: [ '3.0.4' ],
62 silly audit   minimist: [ '1.2.5' ],
62 silly audit   mkdirp: [ '0.5.5' ],
62 silly audit   'multicast-dns': [ '6.2.3' ],
62 silly audit   'multicast-dns-service-types': [ '1.1.0' ],
62 silly audit   nanoid: [ '3.2.0' ],
62 silly audit   'natural-compare': [ '1.4.0' ],
62 silly audit   negotiator: [ '0.6.3' ],
62 silly audit   'neo-async': [ '2.6.2' ],
62 silly audit   'no-case': [ '3.0.4' ],
62 silly audit   'node-forge': [ '1.2.1' ],
62 silly audit   'node-int64': [ '0.4.0' ],
62 silly audit   'node-releases': [ '2.0.1' ],
62 silly audit   'normalize-path': [ '3.0.0' ],
62 silly audit   'normalize-range': [ '0.1.2' ],
62 silly audit   'normalize-url': [ '6.1.0' ],
62 silly audit   'npm-run-path': [ '4.0.1' ],
62 silly audit   'nth-check': [ '2.0.1', '1.0.2' ],
62 silly audit   nwsapi: [ '2.2.0' ],
62 silly audit   'object-assign': [ '4.1.1' ],
62 silly audit   'object-hash': [ '2.2.0' ],
62 silly audit   'object-inspect': [ '1.12.0' ],
62 silly audit   'object-is': [ '1.1.5' ],
62 silly audit   'object-keys': [ '1.1.1' ],
62 silly audit   'object.assign': [ '4.1.2' ],
62 silly audit   'object.entries': [ '1.1.5' ],
62 silly audit   'object.fromentries': [ '2.0.5' ],
62 silly audit   'object.getownpropertydescriptors': [ '2.1.3' ],
62 silly audit   'object.hasown': [ '1.1.0' ],
62 silly audit   'object.values': [ '1.1.5' ],
62 silly audit   obuf: [ '1.1.2' ],
62 silly audit   'on-finished': [ '2.3.0' ],
62 silly audit   'on-headers': [ '1.0.2' ],
62 silly audit   once: [ '1.4.0' ],
62 silly audit   onetime: [ '5.1.2' ],
62 silly audit   open: [ '8.4.0' ],
62 silly audit   'p-map': [ '4.0.0' ],
62 silly audit   'p-retry': [ '4.6.1' ],
62 silly audit   'param-case': [ '3.0.4' ],
62 silly audit   'parent-module': [ '1.0.1' ],
62 silly audit   'parse-json': [ '5.2.0' ],
62 silly audit   parse5: [ '6.0.1' ],
62 silly audit   parseurl: [ '1.3.3' ],
62 silly audit   'pascal-case': [ '3.1.2' ],
62 silly audit   'path-is-absolute': [ '1.0.1' ],
62 silly audit   'path-key': [ '3.1.1' ],
62 silly audit   'path-parse': [ '1.0.7' ],
62 silly audit   'path-to-regexp': [ '0.1.7' ],
62 silly audit   'path-type': [ '4.0.0' ],
62 silly audit   'performance-now': [ '2.1.0' ],
62 silly audit   picocolors: [ '1.0.0', '0.2.1' ],
62 silly audit   picomatch: [ '2.3.1' ],
62 silly audit   pirates: [ '4.0.5' ],
62 silly audit   'pkg-dir': [ '4.2.0' ],
62 silly audit   'pkg-up': [ '3.1.0' ],
62 silly audit   portfinder: [ '1.0.28' ],
62 silly audit   postcss: [ '8.4.6', '7.0.39' ],
62 silly audit   'postcss-attribute-case-insensitive': [ '5.0.0' ],
62 silly audit   'postcss-browser-comments': [ '4.0.0' ],
62 silly audit   'postcss-calc': [ '8.2.3' ],
62 silly audit   'postcss-clamp': [ '3.0.0' ],
62 silly audit   'postcss-color-functional-notation': [ '4.2.1' ],
62 silly audit   'postcss-color-hex-alpha': [ '8.0.2' ],
62 silly audit   'postcss-color-rebeccapurple': [ '7.0.2' ],
62 silly audit   'postcss-colormin': [ '5.2.4' ],
62 silly audit   'postcss-convert-values': [ '5.0.3' ],
62 silly audit   'postcss-custom-media': [ '8.0.0' ],
62 silly audit   'postcss-custom-properties': [ '12.1.4' ],
62 silly audit   'postcss-custom-selectors': [ '6.0.0' ],
62 silly audit   'postcss-dir-pseudo-class': [ '6.0.3' ],
62 silly audit   'postcss-discard-comments': [ '5.0.2' ],
62 silly audit   'postcss-discard-duplicates': [ '5.0.2' ],
62 silly audit   'postcss-discard-empty': [ '5.0.2' ],
62 silly audit   'postcss-discard-overridden': [ '5.0.3' ],
62 silly audit   'postcss-double-position-gradients': [ '3.0.4' ],
62 silly audit   'postcss-env-function': [ '4.0.4' ],
62 silly audit   'postcss-flexbugs-fixes': [ '5.0.2' ],
62 silly audit   'postcss-focus-visible': [ '6.0.3' ],
62 silly audit   'postcss-focus-within': [ '5.0.3' ],
62 silly audit   'postcss-font-variant': [ '5.0.0' ],
62 silly audit   'postcss-gap-properties': [ '3.0.2' ],
62 silly audit   'postcss-image-set-function': [ '4.0.5' ],
62 silly audit   'postcss-initial': [ '4.0.1' ],
62 silly audit   'postcss-js': [ '4.0.0' ],
62 silly audit   'postcss-lab-function': [ '4.0.3' ],
62 silly audit   'postcss-load-config': [ '3.1.1' ],
62 silly audit   'postcss-loader': [ '6.2.1' ],
62 silly audit   'postcss-logical': [ '5.0.3' ],
62 silly audit   'postcss-media-minmax': [ '5.0.0' ],
62 silly audit   'postcss-merge-longhand': [ '5.0.5' ],
62 silly audit   'postcss-merge-rules': [ '5.0.5' ],
62 silly audit   'postcss-minify-font-values': [ '5.0.3' ],
62 silly audit   'postcss-minify-gradients': [ '5.0.5' ],
62 silly audit   'postcss-minify-params': [ '5.0.4' ],
62 silly audit   'postcss-minify-selectors': [ '5.1.2' ],
62 silly audit   'postcss-modules-extract-imports': [ '3.0.0' ],
62 silly audit   'postcss-modules-local-by-default': [ '4.0.0' ],
62 silly audit   'postcss-modules-scope': [ '3.0.0' ],
62 silly audit   'postcss-modules-values': [ '4.0.0' ],
62 silly audit   'postcss-nested': [ '5.0.6' ],
62 silly audit   'postcss-nesting': [ '10.1.2' ],
62 silly audit   'postcss-normalize': [ '10.0.1' ],
62 silly audit   'postcss-normalize-charset': [ '5.0.2' ],
62 silly audit   'postcss-normalize-display-values': [ '5.0.2' ],
62 silly audit   'postcss-normalize-positions': [ '5.0.3' ],
62 silly audit   'postcss-normalize-repeat-style': [ '5.0.3' ],
62 silly audit   'postcss-normalize-string': [ '5.0.3' ],
62 silly audit   'postcss-normalize-timing-functions': [ '5.0.2' ],
62 silly audit   'postcss-normalize-unicode': [ '5.0.3' ],
62 silly audit   'postcss-normalize-url': [ '5.0.4' ],
62 silly audit   'postcss-normalize-whitespace': [ '5.0.3' ],
62 silly audit   'postcss-opacity-percentage': [ '1.1.2' ],
62 silly audit   'postcss-ordered-values': [ '5.0.4' ],
62 silly audit   'postcss-overflow-shorthand': [ '3.0.2' ],
62 silly audit   'postcss-page-break': [ '3.0.4' ],
62 silly audit   'postcss-place': [ '7.0.3' ],
62 silly audit   'postcss-preset-env': [ '7.3.1' ],
62 silly audit   'postcss-pseudo-class-any-link': [ '7.1.0' ],
62 silly audit   'postcss-reduce-initial': [ '5.0.2' ],
62 silly audit   'postcss-reduce-transforms': [ '5.0.3' ],
62 silly audit   'postcss-replace-overflow-wrap': [ '4.0.0' ],
62 silly audit   'postcss-selector-not': [ '5.0.0' ],
62 silly audit   'postcss-selector-parser': [ '6.0.9' ],
62 silly audit   'postcss-svgo': [ '5.0.3' ],
62 silly audit   svgo: [ '2.8.0', '1.3.2' ],
62 silly audit   'postcss-unique-selectors': [ '5.0.3' ],
62 silly audit   'postcss-value-parser': [ '4.2.0' ],
62 silly audit   'pretty-bytes': [ '5.6.0' ],
62 silly audit   'pretty-error': [ '4.0.0' ],
62 silly audit   'pretty-format': [ '27.4.6' ],
62 silly audit   'process-nextick-args': [ '2.0.1' ],
62 silly audit   promise: [ '8.1.0' ],
62 silly audit   prompts: [ '2.4.2' ],
62 silly audit   'prop-types': [ '15.8.1' ],
62 silly audit   'proxy-addr': [ '2.0.7' ],
62 silly audit   psl: [ '1.8.0' ],
62 silly audit   punycode: [ '2.1.1' ],
62 silly audit   q: [ '1.5.1' ],
62 silly audit   qs: [ '6.9.6' ],
62 silly audit   'queue-microtask': [ '1.2.3' ],
62 silly audit   'quick-lru': [ '5.1.1' ],
62 silly audit   raf: [ '3.4.1' ],
62 silly audit   randombytes: [ '2.1.0' ],
62 silly audit   'range-parser': [ '1.2.1' ],
62 silly audit   'raw-body': [ '2.4.2' ],
62 silly audit   react: [ '17.0.2' ],
62 silly audit   'react-app-polyfill': [ '3.0.0' ],
62 silly audit   'react-cookie': [ '4.1.1' ],
62 silly audit   'react-cool-inview': [ '2.0.9' ],
62 silly audit   'react-datepicker': [ '4.7.0' ],
62 silly audit   'react-dev-utils': [ '12.0.0' ],
62 silly audit   'react-dom': [ '17.0.2' ],
62 silly audit   'react-error-overlay': [ '6.0.10' ],
62 silly audit   'react-fast-compare': [ '3.2.0' ],
62 silly audit   'react-icons': [ '4.3.1' ],
62 silly audit   'react-onclickoutside': [ '6.12.1' ],
62 silly audit   'react-player': [ '2.9.0' ],
62 silly audit   'react-popper': [ '2.2.5' ],
62 silly audit   'react-pro-sidebar': [ '0.7.1' ],
62 silly audit   'react-refresh': [ '0.11.0' ],
62 silly audit   'react-responsive-modal': [ '6.2.0' ],
62 silly audit   'react-router': [ '6.3.0' ],
62 silly audit   'react-router-dom': [ '6.3.0' ],
62 silly audit   'react-scripts': [ '5.0.0' ],
62 silly audit   'react-scroll': [ '1.8.6' ],
62 silly audit   'react-select': [ '5.2.2' ],
62 silly audit   'react-slick': [ '0.28.1' ],
62 silly audit   'react-slidedown': [ '2.4.7' ],
62 silly audit   'react-tooltip': [ '4.2.21' ],
62 silly audit   uuid: [ '7.0.3', '8.3.2' ],
62 silly audit   'react-transition-group': [ '4.4.2' ],
62 silly audit   readdirp: [ '3.6.0' ],
62 silly audit   'recursive-readdir': [ '2.2.2' ],
62 silly audit   redent: [ '3.0.0' ],
62 silly audit   regenerate: [ '1.4.2' ],
62 silly audit   'regenerate-unicode-properties': [ '10.0.1' ],
62 silly audit   'regenerator-runtime': [ '0.13.9' ],
62 silly audit   'regenerator-transform': [ '0.14.5' ],
62 silly audit   'regex-parser': [ '2.2.11' ],
62 silly audit   'regexp.prototype.flags': [ '1.4.1' ],
62 silly audit   regexpp: [ '3.2.0' ],
62 silly audit   'regexpu-core': [ '5.0.1' ],
62 silly audit   regjsgen: [ '0.6.0' ],
62 silly audit   regjsparser: [ '0.8.4' ],
62 silly audit   relateurl: [ '0.2.7' ],
62 silly audit   renderkid: [ '3.0.0' ],
62 silly audit   'require-directory': [ '2.1.1' ],
62 silly audit   'require-from-string': [ '2.0.2' ],
62 silly audit   'requires-port': [ '1.0.0' ],
62 silly audit   'resize-observer-polyfill': [ '1.5.1' ],
62 silly audit   'resolve-cwd': [ '3.0.0' ],
62 silly audit   'resolve-url-loader': [ '4.0.0' ],
62 silly audit   'resolve.exports': [ '1.1.0' ],
62 silly audit   retry: [ '0.13.1' ],
62 silly audit   reusify: [ '1.0.4' ],
62 silly audit   rimraf: [ '3.0.2' ],
62 silly audit   rollup: [ '2.67.0' ],
62 silly audit   'rollup-plugin-terser': [ '7.0.2' ],
62 silly audit   'serialize-javascript': [ '4.0.0', '6.0.0' ],
62 silly audit   'run-parallel': [ '1.2.0' ],
62 silly audit   'safer-buffer': [ '2.1.2' ],
62 silly audit   'sanitize.css': [ '13.0.0' ],
62 silly audit   sass: [ '1.49.7' ],
62 silly audit   'sass-loader': [ '12.4.0' ],
62 silly audit   sax: [ '1.2.4' ],
62 silly audit   saxes: [ '5.0.1' ],
62 silly audit   scheduler: [ '0.20.2' ],
62 silly audit   'select-hose': [ '2.0.0' ],
62 silly audit   selfsigned: [ '2.0.0' ],
62 silly audit   send: [ '0.17.2' ],
62 silly audit   'serve-index': [ '1.9.1' ],
62 silly audit   setprototypeof: [ '1.1.0', '1.2.0' ],
62 silly audit   'serve-static': [ '1.14.2' ],
62 silly audit   'shebang-command': [ '2.0.0' ],
62 silly audit   'shebang-regex': [ '3.0.0' ],
62 silly audit   'shell-quote': [ '1.7.3' ],
62 silly audit   'side-channel': [ '1.0.4' ],
62 silly audit   'signal-exit': [ '3.0.6' ],
62 silly audit   sisteransi: [ '1.0.5' ],
62 silly audit   'slick-carousel': [ '1.8.1' ],
62 silly audit   sockjs: [ '0.3.24' ],
62 silly audit   'source-list-map': [ '2.0.1' ],
62 silly audit   'source-map-js': [ '1.0.2' ],
62 silly audit   'source-map-loader': [ '3.0.1' ],
62 silly audit   'source-map-resolve': [ '0.6.0' ],
62 silly audit   'source-map-support': [ '0.5.21' ],
62 silly audit   'source-map-url': [ '0.4.1' ],
62 silly audit   'sourcemap-codec': [ '1.4.8' ],
62 silly audit   spdy: [ '4.0.2' ],
62 silly audit   'spdy-transport': [ '3.0.0' ],
62 silly audit   'sprintf-js': [ '1.0.3' ],
62 silly audit   stable: [ '0.1.8' ],
62 silly audit   'stack-utils': [ '2.0.5' ],
62 silly audit   stackframe: [ '1.2.0' ],
62 silly audit   statuses: [ '1.5.0' ],
62 silly audit   'string-convert': [ '0.2.1' ],
62 silly audit   'string-natural-compare': [ '3.0.1' ],
62 silly audit   'string-width': [ '4.2.3' ],
62 silly audit   'string.prototype.matchall': [ '4.0.6' ],
62 silly audit   'string.prototype.trimend': [ '1.0.4' ],
62 silly audit   'string.prototype.trimstart': [ '1.0.4' ],
62 silly audit   'stringify-object': [ '3.3.0' ],
62 silly audit   'strip-bom': [ '4.0.0', '3.0.0' ],
62 silly audit   'strip-comments': [ '2.0.1' ],
62 silly audit   'strip-final-newline': [ '2.0.0' ],
62 silly audit   'strip-indent': [ '3.0.0' ],
62 silly audit   'strip-json-comments': [ '3.1.1' ],
62 silly audit   'style-loader': [ '3.3.1' ],
62 silly audit   stylehacks: [ '5.0.2' ],
62 silly audit   stylis: [ '4.0.13' ],
62 silly audit   'supports-hyperlinks': [ '2.2.0' ],
62 silly audit   'supports-preserve-symlinks-flag': [ '1.0.0' ],
62 silly audit   'svg-parser': [ '2.0.4' ],
62 silly audit   'symbol-tree': [ '3.2.4' ],
62 silly audit   tailwindcss: [ '3.0.18' ],
62 silly audit   'temp-dir': [ '2.0.0' ],
62 silly audit   tempy: [ '0.6.0' ],
62 silly audit   'terminal-link': [ '2.1.1' ],
62 silly audit   terser: [ '5.10.0' ],
62 silly audit   'terser-webpack-plugin': [ '5.3.1' ],
62 silly audit   'test-exclude': [ '6.0.0' ],
62 silly audit   'text-table': [ '0.2.0' ],
62 silly audit   throat: [ '6.0.1' ],
62 silly audit   thunky: [ '1.1.0' ],
62 silly audit   timsort: [ '0.3.0' ],
62 silly audit   tmpl: [ '1.0.5' ],
62 silly audit   'to-fast-properties': [ '2.0.0' ],
62 silly audit   'to-regex-range': [ '5.0.1' ],
62 silly audit   toidentifier: [ '1.0.1' ],
62 silly audit   'tough-cookie': [ '4.0.0' ],
62 silly audit   universalify: [ '0.1.2', '2.0.0' ],
62 silly audit   tr46: [ '2.1.0', '1.0.1' ],
62 silly audit   tryer: [ '1.0.1' ],
62 silly audit   'tsconfig-paths': [ '3.12.0' ],
62 silly audit   tslib: [ '2.3.1', '1.14.1' ],
62 silly audit   tsutils: [ '3.21.0' ],
62 silly audit   'type-detect': [ '4.0.8' ],
62 silly audit   'type-is': [ '1.6.18' ],
62 silly audit   'typedarray-to-buffer': [ '3.1.5' ],
62 silly audit   typescript: [ '4.5.5' ],
62 silly audit   'unbox-primitive': [ '1.0.1' ],
62 silly audit   'unicode-canonical-property-names-ecmascript': [ '2.0.0' ],
62 silly audit   'unicode-match-property-ecmascript': [ '2.0.0' ],
62 silly audit   'unicode-match-property-value-ecmascript': [ '2.0.0' ],
62 silly audit   'unicode-property-aliases-ecmascript': [ '2.0.0' ],
62 silly audit   'unique-string': [ '2.0.0' ],
62 silly audit   'universal-cookie': [ '4.0.4' ],
62 silly audit   unpipe: [ '1.0.0' ],
62 silly audit   unquote: [ '1.1.1' ],
62 silly audit   upath: [ '1.2.0' ],
62 silly audit   'uri-js': [ '4.4.1' ],
62 silly audit   'util-deprecate': [ '1.0.2' ],
62 silly audit   'util.promisify': [ '1.0.1' ],
62 silly audit   utila: [ '0.4.0' ],
62 silly audit   'utils-merge': [ '1.0.1' ],
62 silly audit   'v8-compile-cache': [ '2.3.0' ],
62 silly audit   'v8-to-istanbul': [ '8.1.1' ],
62 silly audit   vary: [ '1.1.2' ],
62 silly audit   'w3c-hr-time': [ '1.0.2' ],
62 silly audit   'w3c-xmlserializer': [ '2.0.0' ],
62 silly audit   walker: [ '1.0.8' ],
62 silly audit   warning: [ '4.0.3' ],
62 silly audit   watchpack: [ '2.3.1' ],
62 silly audit   wbuf: [ '1.7.3' ],
62 silly audit   'web-vitals': [ '2.1.4' ],
62 silly audit   webpack: [ '5.68.0' ],
62 silly audit   'webpack-dev-middleware': [ '5.3.1' ],
62 silly audit   'webpack-dev-server': [ '4.7.4' ],
62 silly audit   ws: [ '8.4.2', '7.5.6' ],
62 silly audit   'webpack-manifest-plugin': [ '4.1.1' ],
62 silly audit   'webpack-sources': [ '2.3.1', '3.2.3', '1.4.3' ],
62 silly audit   'websocket-driver': [ '0.7.4' ],
62 silly audit   'websocket-extensions': [ '0.1.4' ],
62 silly audit   'whatwg-encoding': [ '1.0.5' ],
62 silly audit   'whatwg-fetch': [ '3.6.2' ],
62 silly audit   'whatwg-mimetype': [ '2.3.0' ],
62 silly audit   'whatwg-url': [ '8.7.0', '7.1.0' ],
62 silly audit   'which-boxed-primitive': [ '1.0.2' ],
62 silly audit   'word-wrap': [ '1.2.3' ],
62 silly audit   'workbox-background-sync': [ '6.4.2' ],
62 silly audit   'workbox-broadcast-update': [ '6.4.2' ],
62 silly audit   'workbox-build': [ '6.4.2' ],
62 silly audit   '@apideck/better-ajv-errors': [ '0.3.2' ],
62 silly audit   'workbox-cacheable-response': [ '6.4.2' ],
62 silly audit   'workbox-core': [ '6.4.2' ],
62 silly audit   'workbox-expiration': [ '6.4.2' ],
62 silly audit   'workbox-google-analytics': [ '6.4.2' ],
62 silly audit   'workbox-navigation-preload': [ '6.4.2' ],
62 silly audit   'workbox-precaching': [ '6.4.2' ],
62 silly audit   'workbox-range-requests': [ '6.4.2' ],
62 silly audit   'workbox-recipes': [ '6.4.2' ],
62 silly audit   'workbox-routing': [ '6.4.2' ],
62 silly audit   'workbox-strategies': [ '6.4.2' ],
62 silly audit   'workbox-streams': [ '6.4.2' ],
62 silly audit   'workbox-sw': [ '6.4.2' ],
62 silly audit   'workbox-webpack-plugin': [ '6.4.2' ],
62 silly audit   'workbox-window': [ '6.4.2' ],
62 silly audit   'wrap-ansi': [ '7.0.0' ],
62 silly audit   wrappy: [ '1.0.2' ],
62 silly audit   'write-file-atomic': [ '3.0.3' ],
62 silly audit   'xml-name-validator': [ '3.0.0' ],
62 silly audit   xmlchars: [ '2.2.0' ],
62 silly audit   xtend: [ '4.0.2' ],
62 silly audit   y18n: [ '5.0.8' ],
62 silly audit   yallist: [ '4.0.0' ],
62 silly audit   yaml: [ '1.10.2' ],
62 silly audit   yargs: [ '16.2.0' ],
62 silly audit   'yargs-parser': [ '20.2.9' ],
62 silly audit   'yocto-queue': [ '0.1.0' ],
62 silly audit   'react-toastify': [ '9.0.1' ],
62 silly audit   clsx: [ '1.1.1' ]
62 silly audit }
63 verbose reify failed optional dependency D:\Geani\React\Pizza\node_modules\fsevents
64 silly reify mark deleted [ 'D:\\Geani\\React\\Pizza\\node_modules\\fsevents' ]
65 timing reifyNode:node_modules/fsevents Completed in 8ms
66 silly tarball no local data for clsx@https://registry.npmjs.org/clsx/-/clsx-1.1.1.tgz. Extracting by manifest.
67 silly tarball no local data for react-toastify@https://registry.npmjs.org/react-toastify/-/react-toastify-9.0.1.tgz. Extracting by manifest.
68 http fetch GET 200 https://registry.npmjs.org/clsx/-/clsx-1.1.1.tgz 213ms (cache miss)
69 timing reifyNode:node_modules/clsx Completed in 232ms
70 http fetch POST 200 https://registry.npmjs.org/-/npm/v1/security/advisories/bulk 295ms
71 timing auditReport:getReport Completed in 335ms
72 silly audit report {
72 silly audit report   async: [
72 silly audit report     {
72 silly audit report       id: 1070206,
72 silly audit report       url: 'https://github.com/advisories/GHSA-fwr7-v2mv-hh25',
72 silly audit report       title: 'Prototype Pollution in async',
72 silly audit report       severity: 'high',
72 silly audit report       vulnerable_versions: '<2.6.4',
72 silly audit report       cwe: [Array],
72 silly audit report       cvss: [Object]
72 silly audit report     }
72 silly audit report   ],
72 silly audit report   ejs: [
72 silly audit report     {
72 silly audit report       id: 1070256,
72 silly audit report       url: 'https://github.com/advisories/GHSA-phwq-j96m-2c2q',
72 silly audit report       title: 'Template injection in ejs',
72 silly audit report       severity: 'high',
72 silly audit report       vulnerable_versions: '<3.1.7',
72 silly audit report       cwe: [Array],
72 silly audit report       cvss: [Object]
72 silly audit report     }
72 silly audit report   ],
72 silly audit report   'node-forge': [
72 silly audit report     {
72 silly audit report       id: 1067323,
72 silly audit report       url: 'https://github.com/advisories/GHSA-x4jg-mjrx-434g',
72 silly audit report       title: 'Improper Verification of Cryptographic Signature in node-forge',
72 silly audit report       severity: 'high',
72 silly audit report       vulnerable_versions: '<1.3.0',
72 silly audit report       cwe: [Array],
72 silly audit report       cvss: [Object]
72 silly audit report     },
72 silly audit report     {
72 silly audit report       id: 1067363,
72 silly audit report       url: 'https://github.com/advisories/GHSA-2r2c-g63r-vccr',
72 silly audit report       title: 'Improper Verification of Cryptographic Signature in `node-forge`',
72 silly audit report       severity: 'moderate',
72 silly audit report       vulnerable_versions: '<1.3.0',
72 silly audit report       cwe: [Array],
72 silly audit report       cvss: [Object]
72 silly audit report     },
72 silly audit report     {
72 silly audit report       id: 1067364,
72 silly audit report       url: 'https://github.com/advisories/GHSA-cfm4-qjh2-4765',
72 silly audit report       title: 'Improper Verification of Cryptographic Signature in node-forge',
72 silly audit report       severity: 'high',
72 silly audit report       vulnerable_versions: '<1.3.0',
72 silly audit report       cwe: [Array],
72 silly audit report       cvss: [Object]
72 silly audit report     }
72 silly audit report   ],
72 silly audit report   minimist: [
72 silly audit report     {
72 silly audit report       id: 1067342,
72 silly audit report       url: 'https://github.com/advisories/GHSA-xvch-5gv4-984h',
72 silly audit report       title: 'Prototype Pollution in minimist',
72 silly audit report       severity: 'critical',
72 silly audit report       vulnerable_versions: '<1.2.6',
72 silly audit report       cwe: [Array],
72 silly audit report       cvss: [Object]
72 silly audit report     }
72 silly audit report   ],
72 silly audit report   'nth-check': [
72 silly audit report     {
72 silly audit report       id: 1067654,
72 silly audit report       url: 'https://github.com/advisories/GHSA-rp65-9cf3-cjxr',
72 silly audit report       title: 'Inefficient Regular Expression Complexity in nth-check',
72 silly audit report       severity: 'moderate',
72 silly audit report       vulnerable_versions: '<2.0.1',
72 silly audit report       cwe: [Array],
72 silly audit report       cvss: [Object]
72 silly audit report     }
72 silly audit report   ]
72 silly audit report }
73 timing metavuln:cache:get:security-advisory:async:WFyfJ5CCGrpHtYucwAKG7Z02f+7xI7qr61DrlwFMnEuIwq14thmHbrwSl/GTfb9wQaTPP80IV7l2F/0iHfBdmg== Completed in 97ms
74 timing metavuln:cache:get:security-advisory:ejs:qS7gJYUp+ABQoplmFEPpRsoEMX1veW8Lp4odO0Praqx7duoF8rm4zYgeDAyQ4gsuRZrkes9JxrEotte+IFQPUg== Completed in 95ms
75 timing metavuln:cache:get:security-advisory:node-forge:ntO/APBsVQQ5g03oHAVyQM5YuRsqn7Hm5uwKyN/iKntWF2TbQqaP6Gx9vOmwURekZovE9ltL+Uu+XiFcLK/dwQ== Completed in 109ms
76 timing metavuln:cache:get:security-advisory:node-forge:x3W0Iqd9WTgFxsNko8GmE7hFECPwmfEtarxz89LC2b+DMcBnSiY5SKEo7Jdu+TNm8GJ12N3bd4IYPJLLdWbU8Q== Completed in 109ms
77 timing metavuln:cache:get:security-advisory:node-forge:nqLCho35pa7rLJ3k3zaJnY6Ry9+J8aknCTmc1pH7a39+FZqZt+pdRaxOVqwYg6oiW9qYy6D3mkQBqCqatHcljA== Completed in 110ms
78 timing metavuln:cache:get:security-advisory:minimist:nZkhUdPEpKwzIx1nekYW4B7BHQyF2nm6J0JsgeP2HfA0DRMT5hhByRU71A4RPgtBbQPYEzVBozv8/mBZCafaGw== Completed in 113ms
79 timing metavuln:cache:get:security-advisory:nth-check:3k06OroJLgELuM+zLlxCn28v8PFxG7M4G0FWcdepJA8uKso4q0acHHNqZia/QUgPjIAZYPDsdUpRuAKARKSiBw== Completed in 113ms
80 http fetch GET 200 https://registry.npmjs.org/ejs 250ms (cache updated)
81 timing metavuln:packument:ejs Completed in 252ms
82 timing metavuln:load:security-advisory:ejs:1070256 Completed in 6ms
83 http fetch GET 200 https://registry.npmjs.org/node-forge 257ms (cache updated)
84 timing metavuln:packument:node-forge Completed in 259ms
85 timing metavuln:load:security-advisory:node-forge:1067323 Completed in 2ms
86 timing metavuln:calculate:security-advisory:node-forge:1067323 Completed in 263ms
87 timing metavuln:load:security-advisory:node-forge:1067363 Completed in 6ms
88 timing metavuln:calculate:security-advisory:node-forge:1067363 Completed in 267ms
89 timing metavuln:load:security-advisory:node-forge:1067364 Completed in 1ms
90 timing metavuln:calculate:security-advisory:node-forge:1067364 Completed in 269ms
91 http fetch GET 200 https://registry.npmjs.org/async 299ms (cache revalidated)
92 timing metavuln:packument:async Completed in 301ms
93 timing metavuln:load:security-advisory:async:1070206 Completed in 1ms
94 timing metavuln:calculate:security-advisory:async:1070206 Completed in 304ms
95 timing metavuln:cache:put:security-advisory:ejs:qS7gJYUp+ABQoplmFEPpRsoEMX1veW8Lp4odO0Praqx7duoF8rm4zYgeDAyQ4gsuRZrkes9JxrEotte+IFQPUg== Completed in 57ms
96 timing metavuln:calculate:security-advisory:ejs:1070256 Completed in 315ms
97 http fetch GET 200 https://registry.npmjs.org/nth-check 309ms (cache updated)
98 timing metavuln:packument:nth-check Completed in 311ms
99 timing metavuln:load:security-advisory:nth-check:1067654 Completed in 0ms
100 timing metavuln:calculate:security-advisory:nth-check:1067654 Completed in 312ms
101 http fetch GET 200 https://registry.npmjs.org/minimist 318ms (cache updated)
102 timing metavuln:packument:minimist Completed in 320ms
103 timing metavuln:load:security-advisory:minimist:1067342 Completed in 0ms
104 timing metavuln:calculate:security-advisory:minimist:1067342 Completed in 321ms
105 timing metavuln:cache:get:security-advisory:portfinder:7Aba1gggrtbeJshG6sjrzGngvxxcou/DEBhCV/xTHN+Fed/xskTc6pWMcs1OTewtLcbC2owLXAD4lyi7LFkP0A== Completed in 20ms
106 timing metavuln:cache:get:security-advisory:jake:rqpABXGRc+dYOc3yutfOidlzVEZoMpBj326JqYNNzZXfppzp+8anBiOZVQhym/HRaRqbYaQ6fW+oBVsJwpft2w== Completed in 38ms
107 http fetch GET 200 https://registry.npmjs.org/portfinder 121ms (cache revalidated)
108 timing metavuln:packument:portfinder Completed in 123ms
109 timing metavuln:load:security-advisory:portfinder:WFyfJ5CCGrpHtYucwAKG7Z02f+7xI7qr61DrlwFMnEuIwq14thmHbrwSl/GTfb9wQaTPP80IV7l2F/0iHfBdmg== Completed in 1ms
110 timing metavuln:calculate:security-advisory:portfinder:WFyfJ5CCGrpHtYucwAKG7Z02f+7xI7qr61DrlwFMnEuIwq14thmHbrwSl/GTfb9wQaTPP80IV7l2F/0iHfBdmg== Completed in 126ms
111 http fetch GET 200 https://registry.npmjs.org/jake 134ms (cache updated)
112 timing metavuln:packument:jake Completed in 138ms
113 timing metavuln:load:security-advisory:jake:WFyfJ5CCGrpHtYucwAKG7Z02f+7xI7qr61DrlwFMnEuIwq14thmHbrwSl/GTfb9wQaTPP80IV7l2F/0iHfBdmg== Completed in 3ms
114 timing metavuln:calculate:security-advisory:jake:WFyfJ5CCGrpHtYucwAKG7Z02f+7xI7qr61DrlwFMnEuIwq14thmHbrwSl/GTfb9wQaTPP80IV7l2F/0iHfBdmg== Completed in 143ms
115 timing metavuln:cache:get:security-advisory:@surma/rollup-plugin-off-main-thread:KYH7ewR/H9mZzQyA96oTz1en9aV7ucQmuz6I8ki12D7PPwiq5ckNwmZKrKD6gCjDJhDrZOqsWGUe7URfpw11Iw== Completed in 32ms
116 http fetch GET 200 https://registry.npmjs.org/@surma%2frollup-plugin-off-main-thread 119ms (cache revalidated)
117 timing metavuln:packument:@surma/rollup-plugin-off-main-thread Completed in 122ms
118 timing metavuln:load:security-advisory:@surma/rollup-plugin-off-main-thread:qS7gJYUp+ABQoplmFEPpRsoEMX1veW8Lp4odO0Praqx7duoF8rm4zYgeDAyQ4gsuRZrkes9JxrEotte+IFQPUg== Completed in 9ms
119 timing metavuln:cache:put:security-advisory:@surma/rollup-plugin-off-main-thread:KYH7ewR/H9mZzQyA96oTz1en9aV7ucQmuz6I8ki12D7PPwiq5ckNwmZKrKD6gCjDJhDrZOqsWGUe7URfpw11Iw== Completed in 23ms
120 timing metavuln:calculate:security-advisory:@surma/rollup-plugin-off-main-thread:qS7gJYUp+ABQoplmFEPpRsoEMX1veW8Lp4odO0Praqx7duoF8rm4zYgeDAyQ4gsuRZrkes9JxrEotte+IFQPUg== Completed in 155ms
121 timing metavuln:cache:get:security-advisory:selfsigned:6D0vq6AbjDjPJGi68N0neDbkDtWWWWqNAaeanvEuuuf+MWETAMl+4misu3EylaVg308qDyiSL1V6MonHIhHVQA== Completed in 8ms
122 http fetch GET 200 https://registry.npmjs.org/selfsigned 106ms (cache revalidated)
123 timing metavuln:packument:selfsigned Completed in 108ms
124 timing metavuln:load:security-advisory:selfsigned:ntO/APBsVQQ5g03oHAVyQM5YuRsqn7Hm5uwKyN/iKntWF2TbQqaP6Gx9vOmwURekZovE9ltL+Uu+XiFcLK/dwQ== Completed in 3ms
125 timing metavuln:calculate:security-advisory:selfsigned:ntO/APBsVQQ5g03oHAVyQM5YuRsqn7Hm5uwKyN/iKntWF2TbQqaP6Gx9vOmwURekZovE9ltL+Uu+XiFcLK/dwQ== Completed in 112ms
126 timing metavuln:cache:get:security-advisory:json5:/9TYCj8NfVqcASrNQYp1v8TunWd0zUn2n1jmc9L0Z17yuaRhLPtFxvzfBPL/krhlmh2oRA3bsjD2HXrah8NRZg== Completed in 34ms
127 timing metavuln:cache:get:security-advisory:detective:yN/DM7NjMqk/I9K+u/1f/QY5LQXdlXpAMCjoxaufYT945D6kvvQeXnKEq237GYafuLT5LOCGsMppdDhrPxd1VQ== Completed in 34ms
128 timing metavuln:cache:get:security-advisory:mkdirp:CE+8U4ZPtjiJPdI/iyhBm/J/6iJ6W46YsdmRUqqyg6mDC09+mfWZqqAHYSzlnfbGA992zvUCP+SrVPVrG01dvA== Completed in 34ms
129 timing metavuln:cache:get:security-advisory:tsconfig-paths:Zq4lT4NKevADzIBp2Wq8nX9suir4zbxoUch51Sw7QMhKPCfN+GlSEXvUKHbslWtRYpaRwoIlFl1XIQKnxyMu+A== Completed in 51ms
130 http fetch GET 200 https://registry.npmjs.org/react-toastify/-/react-toastify-9.0.1.tgz 1157ms (cache miss)
131 timing reifyNode:node_modules/react-toastify Completed in 1188ms
132 timing reify:unpack Completed in 1190ms
133 timing reify:unretire Completed in 0ms
134 timing build:queue Completed in 3ms
135 timing build:deps Completed in 4ms
136 timing build Completed in 4ms
137 timing reify:build Completed in 6ms
138 timing reify:trash Completed in 2ms
139 http fetch GET 200 https://registry.npmjs.org/tsconfig-paths 780ms (cache revalidated)
140 timing metavuln:packument:tsconfig-paths Completed in 783ms
141 timing metavuln:load:security-advisory:tsconfig-paths:nZkhUdPEpKwzIx1nekYW4B7BHQyF2nm6J0JsgeP2HfA0DRMT5hhByRU71A4RPgtBbQPYEzVBozv8/mBZCafaGw== Completed in 0ms
142 timing metavuln:calculate:security-advisory:tsconfig-paths:nZkhUdPEpKwzIx1nekYW4B7BHQyF2nm6J0JsgeP2HfA0DRMT5hhByRU71A4RPgtBbQPYEzVBozv8/mBZCafaGw== Completed in 783ms
143 http fetch GET 200 https://registry.npmjs.org/detective 787ms (cache revalidated)
144 timing metavuln:packument:detective Completed in 788ms
145 timing metavuln:load:security-advisory:detective:nZkhUdPEpKwzIx1nekYW4B7BHQyF2nm6J0JsgeP2HfA0DRMT5hhByRU71A4RPgtBbQPYEzVBozv8/mBZCafaGw== Completed in 1ms
146 timing metavuln:calculate:security-advisory:detective:nZkhUdPEpKwzIx1nekYW4B7BHQyF2nm6J0JsgeP2HfA0DRMT5hhByRU71A4RPgtBbQPYEzVBozv8/mBZCafaGw== Completed in 791ms
147 http fetch GET 200 https://registry.npmjs.org/mkdirp 794ms (cache updated)
148 timing metavuln:packument:mkdirp Completed in 797ms
149 timing metavuln:load:security-advisory:mkdirp:nZkhUdPEpKwzIx1nekYW4B7BHQyF2nm6J0JsgeP2HfA0DRMT5hhByRU71A4RPgtBbQPYEzVBozv8/mBZCafaGw== Completed in 0ms
150 timing metavuln:calculate:security-advisory:mkdirp:nZkhUdPEpKwzIx1nekYW4B7BHQyF2nm6J0JsgeP2HfA0DRMT5hhByRU71A4RPgtBbQPYEzVBozv8/mBZCafaGw== Completed in 797ms
151 http fetch GET 200 https://registry.npmjs.org/json5 801ms (cache updated)
152 timing metavuln:packument:json5 Completed in 804ms
153 timing metavuln:load:security-advisory:json5:nZkhUdPEpKwzIx1nekYW4B7BHQyF2nm6J0JsgeP2HfA0DRMT5hhByRU71A4RPgtBbQPYEzVBozv8/mBZCafaGw== Completed in 0ms
154 timing metavuln:calculate:security-advisory:json5:nZkhUdPEpKwzIx1nekYW4B7BHQyF2nm6J0JsgeP2HfA0DRMT5hhByRU71A4RPgtBbQPYEzVBozv8/mBZCafaGw== Completed in 805ms
155 timing reify:save Completed in 654ms
156 timing metavuln:cache:get:security-advisory:css-select:vzizomWRd6M2v4gU0UEGoaekLHkD3hIj0mXfP3aMLDIu3MHlqGiGJvanbTgzgznDLl+JoCuOlcho9fkDwydzfg== Completed in 250ms
157 http fetch GET 200 https://registry.npmjs.org/css-select 308ms (cache revalidated)
158 timing metavuln:packument:css-select Completed in 311ms
159 timing metavuln:load:security-advisory:css-select:3k06OroJLgELuM+zLlxCn28v8PFxG7M4G0FWcdepJA8uKso4q0acHHNqZia/QUgPjIAZYPDsdUpRuAKARKSiBw== Completed in 0ms
160 timing metavuln:calculate:security-advisory:css-select:3k06OroJLgELuM+zLlxCn28v8PFxG7M4G0FWcdepJA8uKso4q0acHHNqZia/QUgPjIAZYPDsdUpRuAKARKSiBw== Completed in 312ms
161 timing metavuln:cache:get:security-advisory:ejs:cR0joWafvakgfRnp2vrQcU6jFs0fFghzFU4GAWgtRE4IqF8TRVOqRpXQGu/cvgHmCEngz5XxiRKFPpjsbEVrgQ== Completed in 4ms
162 timing metavuln:load:security-advisory:ejs:rqpABXGRc+dYOc3yutfOidlzVEZoMpBj326JqYNNzZXfppzp+8anBiOZVQhym/HRaRqbYaQ6fW+oBVsJwpft2w== Completed in 9ms
163 timing metavuln:cache:put:security-advisory:ejs:cR0joWafvakgfRnp2vrQcU6jFs0fFghzFU4GAWgtRE4IqF8TRVOqRpXQGu/cvgHmCEngz5XxiRKFPpjsbEVrgQ== Completed in 13ms
164 timing metavuln:calculate:security-advisory:ejs:rqpABXGRc+dYOc3yutfOidlzVEZoMpBj326JqYNNzZXfppzp+8anBiOZVQhym/HRaRqbYaQ6fW+oBVsJwpft2w== Completed in 27ms
165 timing metavuln:cache:get:security-advisory:svgo:0DIruXXuZ2ZyQO7GAIY8nnjPmA+VUxjHAdZNp9fNliVrYY6FdH4SRJ0/U8INfEZU3ifIvdJwOX2uFgIhtEZymQ== Completed in 24ms
166 http fetch GET 200 https://registry.npmjs.org/svgo 65ms (cache revalidated)
167 timing metavuln:packument:svgo Completed in 69ms
168 timing metavuln:load:security-advisory:svgo:vzizomWRd6M2v4gU0UEGoaekLHkD3hIj0mXfP3aMLDIu3MHlqGiGJvanbTgzgznDLl+JoCuOlcho9fkDwydzfg== Completed in 0ms
169 timing metavuln:calculate:security-advisory:svgo:vzizomWRd6M2v4gU0UEGoaekLHkD3hIj0mXfP3aMLDIu3MHlqGiGJvanbTgzgznDLl+JoCuOlcho9fkDwydzfg== Completed in 71ms
170 timing metavuln:cache:get:security-advisory:@svgr/plugin-svgo:GlUBfYKBe//VwBUf14INrfRzokCk3zcsH+3ooIUy4CHLIhw6Fumg3BbXbawe27Myvxd+GORUQlyxrr5/yUhmxA== Completed in 10ms
171 http fetch GET 200 https://registry.npmjs.org/@svgr%2fplugin-svgo 86ms (cache revalidated)
172 timing metavuln:packument:@svgr/plugin-svgo Completed in 89ms
173 timing metavuln:load:security-advisory:@svgr/plugin-svgo:0DIruXXuZ2ZyQO7GAIY8nnjPmA+VUxjHAdZNp9fNliVrYY6FdH4SRJ0/U8INfEZU3ifIvdJwOX2uFgIhtEZymQ== Completed in 1ms
174 timing metavuln:calculate:security-advisory:@svgr/plugin-svgo:0DIruXXuZ2ZyQO7GAIY8nnjPmA+VUxjHAdZNp9fNliVrYY6FdH4SRJ0/U8INfEZU3ifIvdJwOX2uFgIhtEZymQ== Completed in 91ms
175 timing metavuln:cache:get:security-advisory:@svgr/webpack:YCKitfWJ1nvB6TcKzmMnp67mrLHbAAAQm5kP8zN6VEZCrcgCEDndX6rN4ivSubGVoFWUJF+mveALS2U5tEFlWQ== Completed in 19ms
176 http fetch GET 200 https://registry.npmjs.org/@svgr%2fwebpack 231ms (cache revalidated)
177 timing metavuln:packument:@svgr/webpack Completed in 240ms
178 timing metavuln:load:security-advisory:@svgr/webpack:GlUBfYKBe//VwBUf14INrfRzokCk3zcsH+3ooIUy4CHLIhw6Fumg3BbXbawe27Myvxd+GORUQlyxrr5/yUhmxA== Completed in 1ms
179 timing metavuln:calculate:security-advisory:@svgr/webpack:GlUBfYKBe//VwBUf14INrfRzokCk3zcsH+3ooIUy4CHLIhw6Fumg3BbXbawe27Myvxd+GORUQlyxrr5/yUhmxA== Completed in 241ms
180 timing metavuln:cache:get:security-advisory:react-scripts:TdBNC/bzy4pCMT1Mye76ROCL8weSGaq1VDvENkCWoNJDQW2J6gELIsNp1nupvqfp7BqVzBLaPUtPLtuvhUh/2g== Completed in 13ms
181 http fetch GET 200 https://registry.npmjs.org/react-scripts 81ms (cache revalidated)
182 timing metavuln:packument:react-scripts Completed in 96ms
183 timing metavuln:load:security-advisory:react-scripts:YCKitfWJ1nvB6TcKzmMnp67mrLHbAAAQm5kP8zN6VEZCrcgCEDndX6rN4ivSubGVoFWUJF+mveALS2U5tEFlWQ== Completed in 2ms
184 timing metavuln:calculate:security-advisory:react-scripts:YCKitfWJ1nvB6TcKzmMnp67mrLHbAAAQm5kP8zN6VEZCrcgCEDndX6rN4ivSubGVoFWUJF+mveALS2U5tEFlWQ== Completed in 99ms
185 timing auditReport:init Completed in 2470ms
186 timing reify:audit Completed in 2809ms
187 timing reify Completed in 10191ms
188 silly ADD node_modules/clsx
189 silly ADD node_modules/react-toastify
190 silly ADD
191 timing command:install Completed in 10324ms
192 verbose exit 0
193 timing npm Completed in 10709ms
194 info ok
